<?xml version="1.0" encoding="UTF-8"?>
<robot generator="Robot 5.0 (Python 3.9.7 on win32)" generated="20230227 00:10:54.643" rpa="false" schemaversion="3">
<suite id="s1" name="Suites">
<suite id="s1-s1" name="BankAccounts" source="C:\Users\Karthee\PycharmProjects\Experiments\EMIS_Assesment\Testcases\BankAccounts.robot">
<kw name="Hit_url" library="Signup_Signin_kw" type="SETUP">
<arg>${Signin_data}[signin_url]</arg>
<kw name="Open Browser" library="Selenium2Library">
<arg>${url}</arg>
<arg>headlesschrome</arg>
<doc>Opens a new browser instance to the optional ``url``.</doc>
<msg timestamp="20230227 00:10:55.019" level="INFO">Opening browser 'headlesschrome' to base url 'http://localhost:3000/signin'.</msg>
<status status="PASS" starttime="20230227 00:10:55.019" endtime="20230227 00:11:00.066"/>
</kw>
<kw name="Set Selenium Implicit Wait" library="Selenium2Library">
<arg>15s</arg>
<doc>Sets the implicit wait value used by Selenium.</doc>
<status status="PASS" starttime="20230227 00:11:00.066" endtime="20230227 00:11:00.069"/>
</kw>
<kw name="Set Window Size" library="Selenium2Library">
<arg>1920</arg>
<arg>1080</arg>
<doc>Sets current windows size to given ``width`` and ``height``.</doc>
<status status="PASS" starttime="20230227 00:11:00.069" endtime="20230227 00:11:00.190"/>
</kw>
<status status="PASS" starttime="20230227 00:10:55.018" endtime="20230227 00:11:00.191"/>
</kw>
<test id="s1-s1-t1" name="BA-001:Bank_account_fieldValidation_bankname" line="10">
<kw name="Signin" library="Signup_Signin_kw">
<arg>${signup_data}[uname]</arg>
<arg>${signup_data}[pwd]</arg>
<kw name="Input Text" library="Selenium2Library">
<arg>//*[@id="username"]</arg>
<arg>${uname}</arg>
<doc>Types the given ``text`` into the text field identified by ``locator``.</doc>
<msg timestamp="20230227 00:11:00.194" level="INFO">Typing text 'Katharina_Bernier' into text field '//*[@id="username"]'.</msg>
<status status="PASS" starttime="20230227 00:11:00.194" endtime="20230227 00:11:00.596"/>
</kw>
<kw name="Input Password" library="Selenium2Library">
<arg>//*[@id="password"]</arg>
<arg>${pwd}</arg>
<doc>Types the given password into the text field identified by ``locator``.</doc>
<msg timestamp="20230227 00:11:00.599" level="INFO">Typing password into text field '//*[@id="password"]'.</msg>
<msg timestamp="20230227 00:11:00.656" level="INFO">Temporally setting log level to: NONE</msg>
<msg timestamp="20230227 00:11:00.774" level="INFO">Log level changed from NONE to INFO.</msg>
<status status="PASS" starttime="20230227 00:11:00.597" endtime="20230227 00:11:00.774"/>
</kw>
<kw name="Click Element" library="Selenium2Library">
<arg>//*[@data-test="signin-submit"]</arg>
<doc>Click the element identified by ``locator``.</doc>
<msg timestamp="20230227 00:11:00.775" level="INFO">Clicking element '//*[@data-test="signin-submit"]'.</msg>
<status status="PASS" starttime="20230227 00:11:00.775" endtime="20230227 00:11:00.908"/>
</kw>
<status status="PASS" starttime="20230227 00:11:00.193" endtime="20230227 00:11:00.909"/>
</kw>
<kw name="create_bank_ac_page_validation" library="bankaccounts_resources">
<kw name="Click Element" library="Selenium2Library">
<arg>${side_icons}[bank_ac]</arg>
<doc>Click the element identified by ``locator``.</doc>
<msg timestamp="20230227 00:11:00.911" level="INFO">Clicking element '//*[@data-test="sidenav-bankaccounts"]'.</msg>
<status status="PASS" starttime="20230227 00:11:00.910" endtime="20230227 00:11:01.330"/>
</kw>
<kw name="Wait Until Page Contains Element" library="Selenium2Library">
<arg>${bankaccount}[create]</arg>
<arg>timeout=30s</arg>
<doc>Waits until the element ``locator`` appears on the current page.</doc>
<status status="PASS" starttime="20230227 00:11:01.330" endtime="20230227 00:11:01.350"/>
</kw>
<kw name="Click Element" library="Selenium2Library">
<arg>${bankaccount}[create]</arg>
<doc>Click the element identified by ``locator``.</doc>
<msg timestamp="20230227 00:11:01.351" level="INFO">Clicking element '//*[@data-test="bankaccount-new"]'.</msg>
<status status="PASS" starttime="20230227 00:11:01.351" endtime="20230227 00:11:01.442"/>
</kw>
<kw name="Page Should Contain" library="Selenium2Library">
<arg>Create Bank Account</arg>
<doc>Verifies that current page contains ``text``.</doc>
<msg timestamp="20230227 00:11:01.461" level="INFO">Current page contains text 'Create Bank Account'.</msg>
<status status="PASS" starttime="20230227 00:11:01.442" endtime="20230227 00:11:01.461"/>
</kw>
<status status="PASS" starttime="20230227 00:11:00.909" endtime="20230227 00:11:01.461"/>
</kw>
<kw name="Bank_account_validation" library="bankaccounts_resources">
<arg>${bankaccount}[bankname]</arg>
<arg>${bankTransfer_data}[bankname_xpected]</arg>
<arg>${Validation_msg}[bank_name_empty]</arg>
<kw name="Input Text" library="Selenium2Library">
<arg>${locator}</arg>
<arg>${input}</arg>
<doc>Types the given ``text`` into the text field identified by ``locator``.</doc>
<msg timestamp="20230227 00:11:01.463" level="INFO">Typing text 'Axis Bank' into text field '//*[@id="bankaccount-bankName-input"]'.</msg>
<status status="PASS" starttime="20230227 00:11:01.463" endtime="20230227 00:11:01.634"/>
</kw>
<kw name="Press Keys" library="Selenium2Library">
<arg>${locator}</arg>
<arg>CTRL+A+BACKSPACE</arg>
<doc>Simulates the user pressing key(s) to an element or on the active browser.</doc>
<msg timestamp="20230227 00:11:01.635" level="INFO">Sending key(s) ('CTRL+A+BACKSPACE',) to //*[@id="bankaccount-bankName-input"] element.</msg>
<msg timestamp="20230227 00:11:01.908" level="INFO">Pressing special key CONTROL down.</msg>
<msg timestamp="20230227 00:11:01.908" level="INFO">Sending key A</msg>
<msg timestamp="20230227 00:11:01.908" level="INFO">Pressing special key BACKSPACE down.</msg>
<msg timestamp="20230227 00:11:01.908" level="INFO">Releasing special key CONTROL.</msg>
<msg timestamp="20230227 00:11:01.908" level="INFO">Releasing special key BACKSPACE.</msg>
<status status="PASS" starttime="20230227 00:11:01.634" endtime="20230227 00:11:01.929"/>
</kw>
<kw name="Click Element" library="Selenium2Library">
<arg>${bankaccount}[create_bank_ac]</arg>
<doc>Click the element identified by ``locator``.</doc>
<msg timestamp="20230227 00:11:01.930" level="INFO">Clicking element '//*[contains(text(),'Create Bank Account')]'.</msg>
<status status="PASS" starttime="20230227 00:11:01.929" endtime="20230227 00:11:01.989"/>
</kw>
<kw name="Page Should Contain" library="Selenium2Library">
<arg>${msg}</arg>
<doc>Verifies that current page contains ``text``.</doc>
<msg timestamp="20230227 00:11:02.004" level="INFO">Current page contains text 'Enter a bank name'.</msg>
<status status="PASS" starttime="20230227 00:11:01.990" endtime="20230227 00:11:02.005"/>
</kw>
<kw name="Element Should Be Disabled" library="Selenium2Library">
<arg>${bankaccount}[save]</arg>
<doc>Verifies that element identified by ``locator`` is disabled.</doc>
<status status="PASS" starttime="20230227 00:11:02.005" endtime="20230227 00:11:02.022"/>
</kw>
<status status="PASS" starttime="20230227 00:11:01.461" endtime="20230227 00:11:02.023"/>
</kw>
<kw name="Bank_account_validation1" library="bankaccounts_resources">
<arg>${bankaccount}[bankname]</arg>
<arg>${signup_data}[lastName]</arg>
<arg>${Validation_msg}[bank_invalid]</arg>
<kw name="Input Text" library="Selenium2Library">
<arg>${locator}</arg>
<arg>${input}</arg>
<doc>Types the given ``text`` into the text field identified by ``locator``.</doc>
<msg timestamp="20230227 00:11:02.024" level="INFO">Typing text 'S' into text field '//*[@id="bankaccount-bankName-input"]'.</msg>
<status status="PASS" starttime="20230227 00:11:02.024" endtime="20230227 00:11:02.090"/>
</kw>
<kw name="Click Element" library="Selenium2Library">
<arg>${bankaccount}[create_bank_ac]</arg>
<doc>Click the element identified by ``locator``.</doc>
<msg timestamp="20230227 00:11:02.091" level="INFO">Clicking element '//*[contains(text(),'Create Bank Account')]'.</msg>
<status status="PASS" starttime="20230227 00:11:02.090" endtime="20230227 00:11:02.126"/>
</kw>
<kw name="Page Should Contain" library="Selenium2Library">
<arg>${msg}</arg>
<doc>Verifies that current page contains ``text``.</doc>
<msg timestamp="20230227 00:11:02.144" level="INFO">Current page contains text 'Must contain at least 5 characters'.</msg>
<status status="PASS" starttime="20230227 00:11:02.127" endtime="20230227 00:11:02.144"/>
</kw>
<kw name="Element Should Be Disabled" library="Selenium2Library">
<arg>${bankaccount}[save]</arg>
<doc>Verifies that element identified by ``locator`` is disabled.</doc>
<status status="PASS" starttime="20230227 00:11:02.144" endtime="20230227 00:11:02.160"/>
</kw>
<status status="PASS" starttime="20230227 00:11:02.023" endtime="20230227 00:11:02.160"/>
</kw>
<tag>BA-001:Bank_account_fieldValidation_bankname</tag>
<status status="PASS" starttime="20230227 00:11:00.191" endtime="20230227 00:11:02.160"/>
</test>
<test id="s1-s1-t2" name="BA-002:Bank_account_fieldValidation_RoutingNumber" line="17">
<kw name="Bank_account_validation" library="bankaccounts_resources">
<arg>${bankaccount}[routing_num]</arg>
<arg>${bankTransfer_data}[bankname_xpected]</arg>
<arg>${Validation_msg}[routing_num_empty]</arg>
<kw name="Input Text" library="Selenium2Library">
<arg>${locator}</arg>
<arg>${input}</arg>
<doc>Types the given ``text`` into the text field identified by ``locator``.</doc>
<msg timestamp="20230227 00:11:02.163" level="INFO">Typing text 'Axis Bank' into text field '//*[@id="bankaccount-routingNumber-input"]'.</msg>
<status status="PASS" starttime="20230227 00:11:02.162" endtime="20230227 00:11:02.339"/>
</kw>
<kw name="Press Keys" library="Selenium2Library">
<arg>${locator}</arg>
<arg>CTRL+A+BACKSPACE</arg>
<doc>Simulates the user pressing key(s) to an element or on the active browser.</doc>
<msg timestamp="20230227 00:11:02.340" level="INFO">Sending key(s) ('CTRL+A+BACKSPACE',) to //*[@id="bankaccount-routingNumber-input"] element.</msg>
<msg timestamp="20230227 00:11:02.616" level="INFO">Pressing special key CONTROL down.</msg>
<msg timestamp="20230227 00:11:02.616" level="INFO">Sending key A</msg>
<msg timestamp="20230227 00:11:02.616" level="INFO">Pressing special key BACKSPACE down.</msg>
<msg timestamp="20230227 00:11:02.616" level="INFO">Releasing special key CONTROL.</msg>
<msg timestamp="20230227 00:11:02.616" level="INFO">Releasing special key BACKSPACE.</msg>
<status status="PASS" starttime="20230227 00:11:02.339" endtime="20230227 00:11:02.634"/>
</kw>
<kw name="Click Element" library="Selenium2Library">
<arg>${bankaccount}[create_bank_ac]</arg>
<doc>Click the element identified by ``locator``.</doc>
<msg timestamp="20230227 00:11:02.635" level="INFO">Clicking element '//*[contains(text(),'Create Bank Account')]'.</msg>
<status status="PASS" starttime="20230227 00:11:02.634" endtime="20230227 00:11:02.670"/>
</kw>
<kw name="Page Should Contain" library="Selenium2Library">
<arg>${msg}</arg>
<doc>Verifies that current page contains ``text``.</doc>
<msg timestamp="20230227 00:11:02.685" level="INFO">Current page contains text 'Enter a valid bank routing number'.</msg>
<status status="PASS" starttime="20230227 00:11:02.670" endtime="20230227 00:11:02.685"/>
</kw>
<kw name="Element Should Be Disabled" library="Selenium2Library">
<arg>${bankaccount}[save]</arg>
<doc>Verifies that element identified by ``locator`` is disabled.</doc>
<status status="PASS" starttime="20230227 00:11:02.685" endtime="20230227 00:11:02.701"/>
</kw>
<status status="PASS" starttime="20230227 00:11:02.162" endtime="20230227 00:11:02.701"/>
</kw>
<kw name="Bank_account_validation1" library="bankaccounts_resources">
<arg>${bankaccount}[routing_num]</arg>
<arg>${signup_data}[lastName]</arg>
<arg>${Validation_msg}[routing_num_invalid]</arg>
<kw name="Input Text" library="Selenium2Library">
<arg>${locator}</arg>
<arg>${input}</arg>
<doc>Types the given ``text`` into the text field identified by ``locator``.</doc>
<msg timestamp="20230227 00:11:02.704" level="INFO">Typing text 'S' into text field '//*[@id="bankaccount-routingNumber-input"]'.</msg>
<status status="PASS" starttime="20230227 00:11:02.703" endtime="20230227 00:11:02.773"/>
</kw>
<kw name="Click Element" library="Selenium2Library">
<arg>${bankaccount}[create_bank_ac]</arg>
<doc>Click the element identified by ``locator``.</doc>
<msg timestamp="20230227 00:11:02.774" level="INFO">Clicking element '//*[contains(text(),'Create Bank Account')]'.</msg>
<status status="PASS" starttime="20230227 00:11:02.774" endtime="20230227 00:11:02.813"/>
</kw>
<kw name="Page Should Contain" library="Selenium2Library">
<arg>${msg}</arg>
<doc>Verifies that current page contains ``text``.</doc>
<msg timestamp="20230227 00:11:02.834" level="INFO">Current page contains text 'Must contain a valid routing number'.</msg>
<status status="PASS" starttime="20230227 00:11:02.814" endtime="20230227 00:11:02.834"/>
</kw>
<kw name="Element Should Be Disabled" library="Selenium2Library">
<arg>${bankaccount}[save]</arg>
<doc>Verifies that element identified by ``locator`` is disabled.</doc>
<status status="PASS" starttime="20230227 00:11:02.834" endtime="20230227 00:11:02.850"/>
</kw>
<status status="PASS" starttime="20230227 00:11:02.701" endtime="20230227 00:11:02.851"/>
</kw>
<tag>BA-002:Bank_account_fieldValidation_RoutingNumber</tag>
<status status="PASS" starttime="20230227 00:11:02.161" endtime="20230227 00:11:02.851"/>
</test>
<test id="s1-s1-t3" name="BA-003:Bank_account_fieldValidation_AccountNumber" line="22">
<kw name="Bank_account_validation" library="bankaccounts_resources">
<arg>${bankaccount}[ac_num]</arg>
<arg>${bankTransfer_data}[bankname_xpected]</arg>
<arg>${Validation_msg}[acnum_name_empty]</arg>
<kw name="Input Text" library="Selenium2Library">
<arg>${locator}</arg>
<arg>${input}</arg>
<doc>Types the given ``text`` into the text field identified by ``locator``.</doc>
<msg timestamp="20230227 00:11:02.856" level="INFO">Typing text 'Axis Bank' into text field '//*[@id="bankaccount-accountNumber-input"]'.</msg>
<status status="PASS" starttime="20230227 00:11:02.855" endtime="20230227 00:11:03.078"/>
</kw>
<kw name="Press Keys" library="Selenium2Library">
<arg>${locator}</arg>
<arg>CTRL+A+BACKSPACE</arg>
<doc>Simulates the user pressing key(s) to an element or on the active browser.</doc>
<msg timestamp="20230227 00:11:03.079" level="INFO">Sending key(s) ('CTRL+A+BACKSPACE',) to //*[@id="bankaccount-accountNumber-input"] element.</msg>
<msg timestamp="20230227 00:11:03.375" level="INFO">Pressing special key CONTROL down.</msg>
<msg timestamp="20230227 00:11:03.375" level="INFO">Sending key A</msg>
<msg timestamp="20230227 00:11:03.376" level="INFO">Pressing special key BACKSPACE down.</msg>
<msg timestamp="20230227 00:11:03.376" level="INFO">Releasing special key CONTROL.</msg>
<msg timestamp="20230227 00:11:03.376" level="INFO">Releasing special key BACKSPACE.</msg>
<status status="PASS" starttime="20230227 00:11:03.078" endtime="20230227 00:11:03.420"/>
</kw>
<kw name="Click Element" library="Selenium2Library">
<arg>${bankaccount}[create_bank_ac]</arg>
<doc>Click the element identified by ``locator``.</doc>
<msg timestamp="20230227 00:11:03.422" level="INFO">Clicking element '//*[contains(text(),'Create Bank Account')]'.</msg>
<status status="PASS" starttime="20230227 00:11:03.421" endtime="20230227 00:11:03.485"/>
</kw>
<kw name="Page Should Contain" library="Selenium2Library">
<arg>${msg}</arg>
<doc>Verifies that current page contains ``text``.</doc>
<msg timestamp="20230227 00:11:03.513" level="INFO">Current page contains text 'Enter a valid bank account number'.</msg>
<status status="PASS" starttime="20230227 00:11:03.485" endtime="20230227 00:11:03.514"/>
</kw>
<kw name="Element Should Be Disabled" library="Selenium2Library">
<arg>${bankaccount}[save]</arg>
<doc>Verifies that element identified by ``locator`` is disabled.</doc>
<status status="PASS" starttime="20230227 00:11:03.514" endtime="20230227 00:11:03.536"/>
</kw>
<status status="PASS" starttime="20230227 00:11:02.854" endtime="20230227 00:11:03.536"/>
</kw>
<kw name="Bank_account_validation1" library="bankaccounts_resources">
<arg>${bankaccount}[ac_num]</arg>
<arg>${signup_data}[lastName]</arg>
<arg>${Validation_msg}[acnum_invalid]</arg>
<kw name="Input Text" library="Selenium2Library">
<arg>${locator}</arg>
<arg>${input}</arg>
<doc>Types the given ``text`` into the text field identified by ``locator``.</doc>
<msg timestamp="20230227 00:11:03.540" level="INFO">Typing text 'S' into text field '//*[@id="bankaccount-accountNumber-input"]'.</msg>
<status status="PASS" starttime="20230227 00:11:03.539" endtime="20230227 00:11:03.647"/>
</kw>
<kw name="Click Element" library="Selenium2Library">
<arg>${bankaccount}[create_bank_ac]</arg>
<doc>Click the element identified by ``locator``.</doc>
<msg timestamp="20230227 00:11:03.649" level="INFO">Clicking element '//*[contains(text(),'Create Bank Account')]'.</msg>
<status status="PASS" starttime="20230227 00:11:03.648" endtime="20230227 00:11:03.708"/>
</kw>
<kw name="Page Should Contain" library="Selenium2Library">
<arg>${msg}</arg>
<doc>Verifies that current page contains ``text``.</doc>
<msg timestamp="20230227 00:11:03.734" level="INFO">Current page contains text 'Must contain at least 9 digits'.</msg>
<status status="PASS" starttime="20230227 00:11:03.709" endtime="20230227 00:11:03.734"/>
</kw>
<kw name="Element Should Be Disabled" library="Selenium2Library">
<arg>${bankaccount}[save]</arg>
<doc>Verifies that element identified by ``locator`` is disabled.</doc>
<status status="PASS" starttime="20230227 00:11:03.735" endtime="20230227 00:11:03.758"/>
</kw>
<status status="PASS" starttime="20230227 00:11:03.537" endtime="20230227 00:11:03.758"/>
</kw>
<tag>BA-003:Bank_account_fieldValidation_AccountNumber</tag>
<status status="PASS" starttime="20230227 00:11:02.852" endtime="20230227 00:11:03.759"/>
</test>
<test id="s1-s1-t4" name="BA-004:Create_new_Bank_account" line="27">
<kw name="Reload Page" library="Selenium2Library">
<doc>Simulates user reloading page.</doc>
<status status="PASS" starttime="20230227 00:11:03.761" endtime="20230227 00:11:05.306"/>
</kw>
<kw name="Create_Bank_account" library="bankaccounts_resources">
<arg>${bankTransfer_data}[bankname1]</arg>
<kw name="Wait Until Page Contains Element" library="Selenium2Library">
<arg>${bankaccount}[bankname]</arg>
<arg>timeout=30s</arg>
<doc>Waits until the element ``locator`` appears on the current page.</doc>
<status status="PASS" starttime="20230227 00:11:05.307" endtime="20230227 00:11:05.331"/>
</kw>
<kw name="Input Text" library="Selenium2Library">
<arg>${bankaccount}[bankname]</arg>
<arg>${data}</arg>
<doc>Types the given ``text`` into the text field identified by ``locator``.</doc>
<msg timestamp="20230227 00:11:05.332" level="INFO">Typing text 'Canara Bank' into text field '//*[@id="bankaccount-bankName-input"]'.</msg>
<status status="PASS" starttime="20230227 00:11:05.331" endtime="20230227 00:11:05.586"/>
</kw>
<kw name="Input Text" library="Selenium2Library">
<arg>${bankaccount}[routing_num]</arg>
<arg>${bankTransfer_data}[bankname_xpected]</arg>
<doc>Types the given ``text`` into the text field identified by ``locator``.</doc>
<msg timestamp="20230227 00:11:05.588" level="INFO">Typing text 'Axis Bank' into text field '//*[@id="bankaccount-routingNumber-input"]'.</msg>
<status status="PASS" starttime="20230227 00:11:05.587" endtime="20230227 00:11:05.847"/>
</kw>
<kw name="Input Text" library="Selenium2Library">
<arg>${bankaccount}[ac_num]</arg>
<arg>${bankTransfer_data}[routing_number_xpected]</arg>
<doc>Types the given ``text`` into the text field identified by ``locator``.</doc>
<msg timestamp="20230227 00:11:05.850" level="INFO">Typing text '987654321' into text field '//*[@id="bankaccount-accountNumber-input"]'.</msg>
<status status="PASS" starttime="20230227 00:11:05.848" endtime="20230227 00:11:06.099"/>
</kw>
<kw name="Click Element" library="Selenium2Library">
<arg>${bankaccount}[save]</arg>
<doc>Click the element identified by ``locator``.</doc>
<msg timestamp="20230227 00:11:06.100" level="INFO">Clicking element '//*[@data-test="bankaccount-submit"]'.</msg>
<status status="PASS" starttime="20230227 00:11:06.100" endtime="20230227 00:11:06.290"/>
</kw>
<status status="PASS" starttime="20230227 00:11:05.306" endtime="20230227 00:11:06.291"/>
</kw>
<tag>BA-004:Create_new_Bank_account</tag>
<status status="PASS" starttime="20230227 00:11:03.760" endtime="20230227 00:11:06.291"/>
</test>
<test id="s1-s1-t5" name="BA-005:Delete_bank_account" line="32">
<kw name="Delete_bank_ac" library="bankaccounts_resources">
<kw name="Click Element" library="Selenium2Library">
<arg>${bankaccount}[delete]</arg>
<doc>Click the element identified by ``locator``.</doc>
<msg timestamp="20230227 00:11:06.296" level="INFO">Clicking element '//*[text()="Canara Bank"]/parent::div/parent::div/div[2]//button[@data-test="bankaccount-delete"]'.</msg>
<status status="PASS" starttime="20230227 00:11:06.294" endtime="20230227 00:11:06.424"/>
</kw>
<kw name="Page Should Contain" library="Selenium2Library">
<arg>(Deleted)</arg>
<doc>Verifies that current page contains ``text``.</doc>
<msg timestamp="20230227 00:11:06.484" level="INFO">Current page contains text '(Deleted)'.</msg>
<status status="PASS" starttime="20230227 00:11:06.424" endtime="20230227 00:11:06.485"/>
</kw>
<status status="PASS" starttime="20230227 00:11:06.293" endtime="20230227 00:11:06.485"/>
</kw>
<kw name="Close Browser" library="Selenium2Library">
<doc>Closes the current browser.</doc>
<status status="PASS" starttime="20230227 00:11:06.486" endtime="20230227 00:11:08.659"/>
</kw>
<tag>BA-005:Delete_bank_account</tag>
<status status="PASS" starttime="20230227 00:11:06.292" endtime="20230227 00:11:08.660"/>
</test>
<status status="PASS" starttime="20230227 00:10:54.677" endtime="20230227 00:11:08.661"/>
</suite>
<status status="PASS" starttime="20230227 00:10:54.656" endtime="20230227 00:11:08.664"/>
</suite>
<statistics>
<total>
<stat pass="5" fail="0" skip="0">All Tests</stat>
</total>
<tag>
<stat pass="1" fail="0" skip="0">BA-001:Bank_account_fieldValidation_bankname</stat>
<stat pass="1" fail="0" skip="0">BA-002:Bank_account_fieldValidation_RoutingNumber</stat>
<stat pass="1" fail="0" skip="0">BA-003:Bank_account_fieldValidation_AccountNumber</stat>
<stat pass="1" fail="0" skip="0">BA-004:Create_new_Bank_account</stat>
<stat pass="1" fail="0" skip="0">BA-005:Delete_bank_account</stat>
</tag>
<suite>
<stat pass="5" fail="0" skip="0" id="s1" name="Suites">Suites</stat>
<stat pass="5" fail="0" skip="0" id="s1-s1" name="BankAccounts">Suites.BankAccounts</stat>
</suite>
</statistics>
<errors>
</errors>
</robot>
