<?xml version="1.0" encoding="UTF-8"?>
<robot generator="Rebot 5.0 (Python 3.9.7 on win32)" generated="20230227 00:12:01.266" rpa="false" schemaversion="3">
<suite id="s1" name="Suites">
<suite id="s1-s1" name="Api Banktransfers" source="C:\Users\Karthee\PycharmProjects\Experiments\EMIS_Assesment\Testcases\api_banktransfers.robot">
<test id="s1-s1-t1" name="BT-001: Signup_RWA" line="9">
<kw name="Signup_api" library="API_resources">
<kw name="Create Dictionary" library="BuiltIn">
<var>${body}</var>
<arg>username=${signup_data}[username]</arg>
<arg>password=${signup_data}[password]</arg>
<arg>confirmPassword=${signup_data}[password]</arg>
<arg>firstName=${signup_data}[firstName]</arg>
<arg>lastName=${signup_data}[lastName]</arg>
<doc>Creates and returns a dictionary based on the given ``items``.</doc>
<msg timestamp="20230227 00:10:55.345" level="INFO">${body} = {'username': 'kartheeswari1311@gmail.com', 'password': 'Welcome123#', 'confirmPassword': 'Welcome123#', 'firstName': 'Karthee1', 'lastName': 'S'}</msg>
<status status="PASS" starttime="20230227 00:10:55.343" endtime="20230227 00:10:55.345"/>
</kw>
<kw name="Create Session" library="RequestsLibrary">
<arg>session1</arg>
<arg>${Signin_data}[base_url]</arg>
<arg>verify=true</arg>
<doc>Create Session: create a HTTP session to a server</doc>
<msg timestamp="20230227 00:10:55.345" level="INFO">Creating Session using : alias=session1, url=http://localhost:3001, headers={},                     cookies={}, auth=None, timeout=None, proxies=None, verify=True,                     debug=0 </msg>
<status status="PASS" starttime="20230227 00:10:55.345" endtime="20230227 00:10:55.347"/>
</kw>
<kw name="POST On Session" library="RequestsLibrary">
<var>${signup}</var>
<arg>session1</arg>
<arg>users</arg>
<arg>data=${body}</arg>
<doc>Sends a POST request on a previously created HTTP Session.</doc>
<msg timestamp="20230227 00:10:55.530" level="INFO">POST Request : url=http://localhost:3001/users 
 path_url=/users 
 headers={'User-Agent': 'python-requests/2.26.0', 'Accept-Encoding': 'gzip, deflate, br', 'Accept': '*/*', 'Connection': 'keep-alive', 'Content-Length': '120', 'Content-Type': 'application/x-www-form-urlencoded'} 
 body=username=kartheeswari1311%40gmail.com&amp;password=Welcome123%23&amp;confirmPassword=Welcome123%23&amp;firstName=Karthee1&amp;lastName=S 
 </msg>
<msg timestamp="20230227 00:10:55.530" level="INFO">POST Response : url=http://localhost:3001/users 
 status=201, reason=Created 
 headers={'X-Powered-By': 'Express', 'Access-Control-Allow-Origin': 'http://localhost:3000', 'Vary': 'Origin', 'Access-Control-Allow-Credentials': 'true', 'Content-Type': 'application/json; charset=utf-8', 'Content-Length': '316', 'ETag': 'W/"13c-40DtI6z4ln2e5u+l61id0m4Q9qU"', 'Date': 'Sun, 26 Feb 2023 18:40:55 GMT', 'Connection': 'keep-alive', 'Keep-Alive': 'timeout=5'} 
 body={"user":{"id":"K5k5zQA2X","uuid":"509836c8-b3ee-41cc-9caf-cf7202d24a15","firstName":"Karthee1","lastName":"S","username":"kartheeswari1311@gmail.com","password":"$2a$10$69fyNMZdIOY5YoYHstARuuH.uOCAPrSVhG5lylTASXMw/B1qPTo4W","balance":0,"createdAt":"2023-02-26T18:40:55.521Z","modifiedAt":"2023-02-26T18:40:55.521Z"}} 
 </msg>
<msg timestamp="20230227 00:10:55.531" level="INFO">${signup} = &lt;Response [201]&gt;</msg>
<status status="PASS" starttime="20230227 00:10:55.349" endtime="20230227 00:10:55.531"/>
</kw>
<status status="PASS" starttime="20230227 00:10:55.318" endtime="20230227 00:10:55.531"/>
</kw>
<tag>BT-001: Create new user</tag>
<status status="PASS" starttime="20230227 00:10:55.317" endtime="20230227 00:10:55.531"/>
</test>
<test id="s1-s1-t2" name="BT-002: Create_Bank_account" line="13">
<kw name="login_api" library="API_resources">
<kw name="Create Dictionary" library="BuiltIn">
<var>${body}</var>
<arg>username=${signup_data}[username]</arg>
<arg>password=${signup_data}[password]</arg>
<arg>type=LOGIN</arg>
<doc>Creates and returns a dictionary based on the given ``items``.</doc>
<msg timestamp="20230227 00:10:55.535" level="INFO">${body} = {'username': 'kartheeswari1311@gmail.com', 'password': 'Welcome123#', 'type': 'LOGIN'}</msg>
<status status="PASS" starttime="20230227 00:10:55.534" endtime="20230227 00:10:55.536"/>
</kw>
<kw name="Create Session" library="RequestsLibrary">
<arg>session2</arg>
<arg>${Signin_data}[base_url]</arg>
<arg>verify=true</arg>
<doc>Create Session: create a HTTP session to a server</doc>
<msg timestamp="20230227 00:10:55.537" level="INFO">Creating Session using : alias=session2, url=http://localhost:3001, headers={},                     cookies={}, auth=None, timeout=None, proxies=None, verify=True,                     debug=0 </msg>
<status status="PASS" starttime="20230227 00:10:55.536" endtime="20230227 00:10:55.537"/>
</kw>
<kw name="Create Dictionary" library="BuiltIn">
<var>${header}</var>
<arg>Content-Type=application/json;charset=utf-8</arg>
<doc>Creates and returns a dictionary based on the given ``items``.</doc>
<msg timestamp="20230227 00:10:55.538" level="INFO">${header} = {'Content-Type': 'application/json;charset=utf-8'}</msg>
<status status="PASS" starttime="20230227 00:10:55.537" endtime="20230227 00:10:55.538"/>
</kw>
<kw name="POST On Session" library="RequestsLibrary">
<var>${loginresponse}</var>
<arg>session2</arg>
<arg>login</arg>
<arg>data=${body}</arg>
<doc>Sends a POST request on a previously created HTTP Session.</doc>
<msg timestamp="20230227 00:10:55.933" level="INFO">POST Request : url=http://localhost:3001/login 
 path_url=/login 
 headers={'User-Agent': 'python-requests/2.26.0', 'Accept-Encoding': 'gzip, deflate, br', 'Accept': '*/*', 'Connection': 'keep-alive', 'Content-Length': '71', 'Content-Type': 'application/x-www-form-urlencoded'} 
 body=username=kartheeswari1311%40gmail.com&amp;password=Welcome123%23&amp;type=LOGIN 
 </msg>
<msg timestamp="20230227 00:10:55.933" level="INFO">POST Response : url=http://localhost:3001/login 
 status=200, reason=OK 
 headers={'X-Powered-By': 'Express', 'Access-Control-Allow-Origin': 'http://localhost:3000', 'Vary': 'Origin', 'Access-Control-Allow-Credentials': 'true', 'Content-Type': 'application/json; charset=utf-8', 'Content-Length': '316', 'ETag': 'W/"13c-PqrpBl/85ffjkHcvb3QgZCtfRNM"', 'Set-Cookie': 'connect.sid=s%3AuDBF-3b9lzjfaXgORVAIxtTfyg8dY3Ov.Is9Qkm5uGEFqqpFbK0U26D1ggXljt2157vD%2F2FtWOj4; Path=/; HttpOnly', 'Date': 'Sun, 26 Feb 2023 18:40:55 GMT', 'Connection': 'keep-alive', 'Keep-Alive': 'timeout=5'} 
 body={"user":{"id":"iIo5YbNZk","uuid":"85745817-2a66-408c-867f-d9f4a778538a","firstName":"Karthee1","lastName":"S","username":"kartheeswari1311@gmail.com","password":"$2a$10$oI4/Xm9yCY5Dg/8Zqkc4r.bsdVAbiWI.eQ9JLYWNrsTsbpOQKEfmK","balance":0,"createdAt":"2023-02-26T18:35:42.277Z","modifiedAt":"2023-02-26T18:35:42.277Z"}} 
 </msg>
<msg timestamp="20230227 00:10:55.934" level="INFO">${loginresponse} = &lt;Response [200]&gt;</msg>
<status status="PASS" starttime="20230227 00:10:55.538" endtime="20230227 00:10:55.934"/>
</kw>
<kw name="Log To Console" library="BuiltIn">
<arg>${loginresponse}</arg>
<doc>Logs the given message to the console.</doc>
<status status="PASS" starttime="20230227 00:10:55.934" endtime="20230227 00:10:55.935"/>
</kw>
<status status="PASS" starttime="20230227 00:10:55.533" endtime="20230227 00:10:55.935"/>
</kw>
<kw name="create_bank_a/c" library="API_resources">
<kw name="Create Dictionary" library="BuiltIn">
<var>${bank_details}</var>
<arg>accountNumber=${random_num}</arg>
<arg>bankName=${bankTransfer_data}[bankname_xpected]</arg>
<arg>routingNumber=${bankTransfer_data}[routing_number_xpected]</arg>
<arg>userId=mGYhLxOKD</arg>
<doc>Creates and returns a dictionary based on the given ``items``.</doc>
<msg timestamp="20230227 00:10:55.936" level="INFO">${bank_details} = {'accountNumber': 'Generate random string 9 [NUMBERS]', 'bankName': 'Axis Bank', 'routingNumber': '987654321', 'userId': 'mGYhLxOKD'}</msg>
<status status="PASS" starttime="20230227 00:10:55.936" endtime="20230227 00:10:55.937"/>
</kw>
<kw name="POST On Session" library="RequestsLibrary">
<var>${create_back_ac}</var>
<arg>session2</arg>
<arg>bankAccounts</arg>
<arg>data=${bank_details}</arg>
<doc>Sends a POST request on a previously created HTTP Session.</doc>
<msg timestamp="20230227 00:10:55.951" level="INFO">POST Request : url=http://localhost:3001/bankAccounts 
 path_url=/bankAccounts 
 headers={'User-Agent': 'python-requests/2.26.0', 'Accept-Encoding': 'gzip, deflate, br', 'Accept': '*/*', 'Connection': 'keep-alive', 'Cookie': 'connect.sid=s%3AuDBF-3b9lzjfaXgORVAIxtTfyg8dY3Ov.Is9Qkm5uGEFqqpFbK0U26D1ggXljt2157vD%2F2FtWOj4', 'Content-Length': '112', 'Content-Type': 'application/x-www-form-urlencoded'} 
 body=accountNumber=Generate+random+string+9+%5BNUMBERS%5D&amp;bankName=Axis+Bank&amp;routingNumber=987654321&amp;userId=mGYhLxOKD 
 </msg>
<msg timestamp="20230227 00:10:55.951" level="INFO">POST Response : url=http://localhost:3001/bankAccounts 
 status=200, reason=OK 
 headers={'X-Powered-By': 'Express', 'Access-Control-Allow-Origin': 'http://localhost:3000', 'Vary': 'Origin', 'Access-Control-Allow-Credentials': 'true', 'Content-Type': 'application/json; charset=utf-8', 'Content-Length': '299', 'ETag': 'W/"12b-pMN/zmQfkr4Cp/haELzqQTHZqV8"', 'Date': 'Sun, 26 Feb 2023 18:40:55 GMT', 'Connection': 'keep-alive', 'Keep-Alive': 'timeout=5'} 
 body={"account":{"id":"7yEzg9KQeA","uuid":"cf9d46f6-7d3d-484b-bbb8-292f9e8f4172","userId":"iIo5YbNZk","bankName":"Axis Bank","accountNumber":"Generate random string 9 [NUMBERS]","routingNumber":"987654321","isDeleted":false,"createdAt":"2023-02-26T18:40:55.944Z","modifiedAt":"2023-02-26T18:40:55.944Z"}} 
 </msg>
<msg timestamp="20230227 00:10:55.951" level="INFO">${create_back_ac} = &lt;Response [200]&gt;</msg>
<status status="PASS" starttime="20230227 00:10:55.937" endtime="20230227 00:10:55.951"/>
</kw>
<status status="PASS" starttime="20230227 00:10:55.935" endtime="20230227 00:10:55.951"/>
</kw>
<tag>BT-002: Create_Bank_account</tag>
<status status="PASS" starttime="20230227 00:10:55.532" endtime="20230227 00:10:55.951"/>
</test>
<test id="s1-s1-t3" name="BT-003: Get_Bank_account_details" line="18">
<kw name="get_all_bank_a/cs" library="API_resources">
<kw name="GET On Session" library="RequestsLibrary">
<var>${get_all}</var>
<arg>session2</arg>
<arg>bankAccounts</arg>
<doc>Sends a GET request on a previously created HTTP Session.</doc>
<msg timestamp="20230227 00:10:55.966" level="INFO">GET Request : url=http://localhost:3001/bankAccounts 
 path_url=/bankAccounts 
 headers={'User-Agent': 'python-requests/2.26.0', 'Accept-Encoding': 'gzip, deflate, br', 'Accept': '*/*', 'Connection': 'keep-alive', 'Cookie': 'connect.sid=s%3AuDBF-3b9lzjfaXgORVAIxtTfyg8dY3Ov.Is9Qkm5uGEFqqpFbK0U26D1ggXljt2157vD%2F2FtWOj4'} 
 body=None 
 </msg>
<msg timestamp="20230227 00:10:55.966" level="INFO">GET Response : url=http://localhost:3001/bankAccounts 
 status=200, reason=OK 
 headers={'X-Powered-By': 'Express', 'Access-Control-Allow-Origin': 'http://localhost:3000', 'Vary': 'Origin', 'Access-Control-Allow-Credentials': 'true', 'Content-Type': 'application/json; charset=utf-8', 'Content-Length': '588', 'ETag': 'W/"24c-aFcgeVLyQYXMS2yHqXaji8x5iaw"', 'Date': 'Sun, 26 Feb 2023 18:40:55 GMT', 'Connection': 'keep-alive', 'Keep-Alive': 'timeout=5'} 
 body={"results":[{"id":"4l6MFwgv7b","uuid":"a05f05f0-f037-4b43-a1cd-5049a5d04e6d","userId":"iIo5YbNZk","bankName":"Axis Bank","accountNumber":"Generate random string 9 [NUMBERS]","routingNumber":"987654321","isDeleted":true,"createdAt":"2023-02-26T18:35:42.963Z","modifiedAt":"2023-02-26T18:35:42.963Z"},{"id":"7yEzg9KQeA","uuid":"cf9d46f6-7d3d-484b-bbb8-292f9e8f4172","userId":"iIo5YbNZk","bankName":"Axis Bank","accountNumber":"Generate random string 9 [NUMBERS]","routingNumber":"987654321","isDeleted":false,"createdAt":"2023-02-26T18:40:55.944Z","modifiedAt":"2023-02-26T18:40:55.944Z"}]} 
 </msg>
<msg timestamp="20230227 00:10:55.967" level="INFO">${get_all} = &lt;Response [200]&gt;</msg>
<status status="PASS" starttime="20230227 00:10:55.954" endtime="20230227 00:10:55.967"/>
</kw>
<kw name="Set Global Variable" library="BuiltIn">
<arg>${get_all}</arg>
<doc>Makes a variable available globally in all tests and suites.</doc>
<msg timestamp="20230227 00:10:55.969" level="INFO">${get_all} = &lt;Response [200]&gt;</msg>
<status status="PASS" starttime="20230227 00:10:55.967" endtime="20230227 00:10:55.969"/>
</kw>
<kw name="Set Variable" library="BuiltIn">
<var>${bank_name}</var>
<arg>${get_all.json()['results'][0]['bankName']}</arg>
<doc>Returns the given values which can then be assigned to a variables.</doc>
<msg timestamp="20230227 00:10:55.970" level="INFO">${bank_name} = Axis Bank</msg>
<status status="PASS" starttime="20230227 00:10:55.969" endtime="20230227 00:10:55.970"/>
</kw>
<kw name="Should Be Equal" library="BuiltIn">
<arg>${bank_name}</arg>
<arg>${bankTransfer_data}[bankname_xpected]</arg>
<doc>Fails if the given objects are unequal.</doc>
<status status="PASS" starttime="20230227 00:10:55.970" endtime="20230227 00:10:55.971"/>
</kw>
<kw name="Set Variable" library="BuiltIn">
<var>${account_number}</var>
<arg>${get_all.json()['results'][0]['accountNumber']}</arg>
<doc>Returns the given values which can then be assigned to a variables.</doc>
<msg timestamp="20230227 00:10:55.972" level="INFO">${account_number} = Generate random string 9 [NUMBERS]</msg>
<status status="PASS" starttime="20230227 00:10:55.971" endtime="20230227 00:10:55.972"/>
</kw>
<kw name="Should Be Equal" library="BuiltIn">
<arg>${account_number}</arg>
<arg>${random_num}</arg>
<doc>Fails if the given objects are unequal.</doc>
<status status="PASS" starttime="20230227 00:10:55.972" endtime="20230227 00:10:55.973"/>
</kw>
<kw name="Set Variable" library="BuiltIn">
<var>${routing_number}</var>
<arg>${get_all.json()['results'][0]['routingNumber']}</arg>
<doc>Returns the given values which can then be assigned to a variables.</doc>
<msg timestamp="20230227 00:10:55.974" level="INFO">${routing_number} = 987654321</msg>
<status status="PASS" starttime="20230227 00:10:55.973" endtime="20230227 00:10:55.974"/>
</kw>
<kw name="Should Be Equal" library="BuiltIn">
<arg>${routing_number}</arg>
<arg>${bankTransfer_data}[routing_number_xpected]</arg>
<doc>Fails if the given objects are unequal.</doc>
<status status="PASS" starttime="20230227 00:10:55.975" endtime="20230227 00:10:55.975"/>
</kw>
<status status="PASS" starttime="20230227 00:10:55.954" endtime="20230227 00:10:55.975"/>
</kw>
<tag>BT-003: Get_Bank_account_details</tag>
<status status="PASS" starttime="20230227 00:10:55.953" endtime="20230227 00:10:55.976"/>
</test>
<test id="s1-s1-t4" name="BT-004: Delete_Bank_account" line="22">
<kw name="delete_bank_a/c" library="API_resources">
<kw name="Get Length" library="BuiltIn">
<var>${total}</var>
<arg>${get_all.json()['results']}</arg>
<doc>Returns and logs the length of the given item as an integer.</doc>
<msg timestamp="20230227 00:10:55.979" level="INFO">Length is 2</msg>
<msg timestamp="20230227 00:10:55.979" level="INFO">${total} = 2</msg>
<status status="PASS" starttime="20230227 00:10:55.978" endtime="20230227 00:10:55.979"/>
</kw>
<for flavor="IN RANGE">
<var>${i}</var>
<value>0</value>
<value>${total}</value>
<iter>
<var name="${i}">0</var>
<if>
<branch type="IF" condition="&quot;${get_all.json()['results'][${i}]['accountNumber']}&quot;==&quot;${random_num}&quot;">
<kw name="Set Variable" library="BuiltIn">
<var>${to_be_deleted_id}</var>
<arg>${get_all.json()['results'][${i}]['id']}</arg>
<doc>Returns the given values which can then be assigned to a variables.</doc>
<msg timestamp="20230227 00:10:55.985" level="INFO">${to_be_deleted_id} = 4l6MFwgv7b</msg>
<status status="PASS" starttime="20230227 00:10:55.983" endtime="20230227 00:10:55.985"/>
</kw>
<kw name="Set Global Variable" library="BuiltIn">
<arg>${to_be_deleted_id}</arg>
<doc>Makes a variable available globally in all tests and suites.</doc>
<msg timestamp="20230227 00:10:55.986" level="INFO">${to_be_deleted_id} = 4l6MFwgv7b</msg>
<status status="PASS" starttime="20230227 00:10:55.986" endtime="20230227 00:10:55.989"/>
</kw>
<break>
<status status="PASS" starttime="20230227 00:10:55.989" endtime="20230227 00:10:55.989"/>
</break>
<status status="PASS" starttime="20230227 00:10:55.981" endtime="20230227 00:10:55.990"/>
</branch>
<branch type="ELSE">
<continue>
<status status="NOT RUN" starttime="20230227 00:10:55.990" endtime="20230227 00:10:55.990"/>
</continue>
<status status="NOT RUN" starttime="20230227 00:10:55.990" endtime="20230227 00:10:55.990"/>
</branch>
<status status="PASS" starttime="20230227 00:10:55.980" endtime="20230227 00:10:55.991"/>
</if>
<status status="PASS" starttime="20230227 00:10:55.980" endtime="20230227 00:10:55.991"/>
</iter>
<status status="PASS" starttime="20230227 00:10:55.979" endtime="20230227 00:10:55.991"/>
</for>
<kw name="DELETE On Session" library="RequestsLibrary">
<var>${get_all}</var>
<arg>session2</arg>
<arg>bankAccounts/${to_be_deleted_id}</arg>
<doc>Sends a DELETE request on a previously created HTTP Session.</doc>
<msg timestamp="20230227 00:10:56.019" level="INFO">DELETE Request : url=http://localhost:3001/bankAccounts/4l6MFwgv7b 
 path_url=/bankAccounts/4l6MFwgv7b 
 headers={'User-Agent': 'python-requests/2.26.0', 'Accept-Encoding': 'gzip, deflate, br', 'Accept': '*/*', 'Connection': 'keep-alive', 'Cookie': 'connect.sid=s%3AuDBF-3b9lzjfaXgORVAIxtTfyg8dY3Ov.Is9Qkm5uGEFqqpFbK0U26D1ggXljt2157vD%2F2FtWOj4', 'Content-Length': '0'} 
 body=None 
 </msg>
<msg timestamp="20230227 00:10:56.019" level="INFO">DELETE Response : url=http://localhost:3001/bankAccounts/4l6MFwgv7b 
 status=200, reason=OK 
 headers={'X-Powered-By': 'Express', 'Access-Control-Allow-Origin': 'http://localhost:3000', 'Vary': 'Origin', 'Access-Control-Allow-Credentials': 'true', 'Content-Type': 'application/json; charset=utf-8', 'Content-Length': '2', 'ETag': 'W/"2-vyGp6PvFo4RvsFtPoIWeCReyIC8"', 'Date': 'Sun, 26 Feb 2023 18:40:55 GMT', 'Connection': 'keep-alive', 'Keep-Alive': 'timeout=5'} 
 body={} 
 </msg>
<msg timestamp="20230227 00:10:56.020" level="INFO">${get_all} = &lt;Response [200]&gt;</msg>
<status status="PASS" starttime="20230227 00:10:55.991" endtime="20230227 00:10:56.020"/>
</kw>
<kw name="GET On Session" library="RequestsLibrary">
<var>${get_all}</var>
<arg>session2</arg>
<arg>bankAccounts</arg>
<doc>Sends a GET request on a previously created HTTP Session.</doc>
<msg timestamp="20230227 00:10:56.146" level="INFO">GET Request : url=http://localhost:3001/bankAccounts 
 path_url=/bankAccounts 
 headers={'User-Agent': 'python-requests/2.26.0', 'Accept-Encoding': 'gzip, deflate, br', 'Accept': '*/*', 'Connection': 'keep-alive', 'Cookie': 'connect.sid=s%3AuDBF-3b9lzjfaXgORVAIxtTfyg8dY3Ov.Is9Qkm5uGEFqqpFbK0U26D1ggXljt2157vD%2F2FtWOj4'} 
 body=None 
 </msg>
<msg timestamp="20230227 00:10:56.146" level="INFO">GET Response : url=http://localhost:3001/bankAccounts 
 status=200, reason=OK 
 headers={'X-Powered-By': 'Express', 'Access-Control-Allow-Origin': 'http://localhost:3000', 'Vary': 'Origin', 'Access-Control-Allow-Credentials': 'true', 'Content-Type': 'application/json; charset=utf-8', 'Content-Length': '588', 'ETag': 'W/"24c-aFcgeVLyQYXMS2yHqXaji8x5iaw"', 'Date': 'Sun, 26 Feb 2023 18:40:56 GMT', 'Connection': 'keep-alive', 'Keep-Alive': 'timeout=5'} 
 body={"results":[{"id":"4l6MFwgv7b","uuid":"a05f05f0-f037-4b43-a1cd-5049a5d04e6d","userId":"iIo5YbNZk","bankName":"Axis Bank","accountNumber":"Generate random string 9 [NUMBERS]","routingNumber":"987654321","isDeleted":true,"createdAt":"2023-02-26T18:35:42.963Z","modifiedAt":"2023-02-26T18:35:42.963Z"},{"id":"7yEzg9KQeA","uuid":"cf9d46f6-7d3d-484b-bbb8-292f9e8f4172","userId":"iIo5YbNZk","bankName":"Axis Bank","accountNumber":"Generate random string 9 [NUMBERS]","routingNumber":"987654321","isDeleted":false,"createdAt":"2023-02-26T18:40:55.944Z","modifiedAt":"2023-02-26T18:40:55.944Z"}]} 
 </msg>
<msg timestamp="20230227 00:10:56.147" level="INFO">${get_all} = &lt;Response [200]&gt;</msg>
<status status="PASS" starttime="20230227 00:10:56.020" endtime="20230227 00:10:56.147"/>
</kw>
<kw name="Get Length" library="BuiltIn">
<var>${total}</var>
<arg>${get_all.json()['results']}</arg>
<doc>Returns and logs the length of the given item as an integer.</doc>
<msg timestamp="20230227 00:10:56.149" level="INFO">Length is 2</msg>
<msg timestamp="20230227 00:10:56.149" level="INFO">${total} = 2</msg>
<status status="PASS" starttime="20230227 00:10:56.147" endtime="20230227 00:10:56.149"/>
</kw>
<for flavor="IN RANGE">
<var>${i}</var>
<value>0</value>
<value>${total}</value>
<iter>
<var name="${i}">0</var>
<if>
<branch type="IF" condition="&quot;${get_all.json()['results'][${i}]['id']}&quot;==&quot;${to_be_deleted_id}&quot;">
<kw name="Evaluate" library="BuiltIn">
<arg>"${get_all.json()['results'][${i}]['isDeleted']}"=="True"</arg>
<doc>Evaluates the given expression in Python and returns the result.</doc>
<status status="PASS" starttime="20230227 00:10:56.151" endtime="20230227 00:10:56.154"/>
</kw>
<break>
<status status="PASS" starttime="20230227 00:10:56.154" endtime="20230227 00:10:56.154"/>
</break>
<status status="PASS" starttime="20230227 00:10:56.151" endtime="20230227 00:10:56.154"/>
</branch>
<branch type="ELSE">
<continue>
<status status="NOT RUN" starttime="20230227 00:10:56.155" endtime="20230227 00:10:56.155"/>
</continue>
<status status="NOT RUN" starttime="20230227 00:10:56.154" endtime="20230227 00:10:56.155"/>
</branch>
<status status="PASS" starttime="20230227 00:10:56.150" endtime="20230227 00:10:56.155"/>
</if>
<status status="PASS" starttime="20230227 00:10:56.150" endtime="20230227 00:10:56.155"/>
</iter>
<status status="PASS" starttime="20230227 00:10:56.150" endtime="20230227 00:10:56.155"/>
</for>
<status status="PASS" starttime="20230227 00:10:55.977" endtime="20230227 00:10:56.155"/>
</kw>
<tag>BT-004: Delete_Bank_account</tag>
<status status="PASS" starttime="20230227 00:10:55.976" endtime="20230227 00:10:56.156"/>
</test>
<test id="s1-s1-t5" name="BT-005: Create_Bank_account_graphql" line="26">
<kw name="login_api" library="API_resources">
<kw name="Create Dictionary" library="BuiltIn">
<var>${body}</var>
<arg>username=${signup_data}[username]</arg>
<arg>password=${signup_data}[password]</arg>
<arg>type=LOGIN</arg>
<doc>Creates and returns a dictionary based on the given ``items``.</doc>
<msg timestamp="20230227 00:10:56.158" level="INFO">${body} = {'username': 'kartheeswari1311@gmail.com', 'password': 'Welcome123#', 'type': 'LOGIN'}</msg>
<status status="PASS" starttime="20230227 00:10:56.158" endtime="20230227 00:10:56.158"/>
</kw>
<kw name="Create Session" library="RequestsLibrary">
<arg>session2</arg>
<arg>${Signin_data}[base_url]</arg>
<arg>verify=true</arg>
<doc>Create Session: create a HTTP session to a server</doc>
<msg timestamp="20230227 00:10:56.159" level="INFO">Creating Session using : alias=session2, url=http://localhost:3001, headers={},                     cookies={}, auth=None, timeout=None, proxies=None, verify=True,                     debug=0 </msg>
<status status="PASS" starttime="20230227 00:10:56.159" endtime="20230227 00:10:56.159"/>
</kw>
<kw name="Create Dictionary" library="BuiltIn">
<var>${header}</var>
<arg>Content-Type=application/json;charset=utf-8</arg>
<doc>Creates and returns a dictionary based on the given ``items``.</doc>
<msg timestamp="20230227 00:10:56.160" level="INFO">${header} = {'Content-Type': 'application/json;charset=utf-8'}</msg>
<status status="PASS" starttime="20230227 00:10:56.160" endtime="20230227 00:10:56.160"/>
</kw>
<kw name="POST On Session" library="RequestsLibrary">
<var>${loginresponse}</var>
<arg>session2</arg>
<arg>login</arg>
<arg>data=${body}</arg>
<doc>Sends a POST request on a previously created HTTP Session.</doc>
<msg timestamp="20230227 00:10:56.333" level="INFO">POST Request : url=http://localhost:3001/login 
 path_url=/login 
 headers={'User-Agent': 'python-requests/2.26.0', 'Accept-Encoding': 'gzip, deflate, br', 'Accept': '*/*', 'Connection': 'keep-alive', 'Content-Length': '71', 'Content-Type': 'application/x-www-form-urlencoded'} 
 body=username=kartheeswari1311%40gmail.com&amp;password=Welcome123%23&amp;type=LOGIN 
 </msg>
<msg timestamp="20230227 00:10:56.334" level="INFO">POST Response : url=http://localhost:3001/login 
 status=200, reason=OK 
 headers={'X-Powered-By': 'Express', 'Access-Control-Allow-Origin': 'http://localhost:3000', 'Vary': 'Origin', 'Access-Control-Allow-Credentials': 'true', 'Content-Type': 'application/json; charset=utf-8', 'Content-Length': '316', 'ETag': 'W/"13c-PqrpBl/85ffjkHcvb3QgZCtfRNM"', 'Set-Cookie': 'connect.sid=s%3ADhUZclBUcKpeE4hu3gjLxlebeMEiVqhg.tUUfsIsXDGlBgQTQzG%2Free3Ef2o6zs25FLfqqm%2BfpEg; Path=/; HttpOnly', 'Date': 'Sun, 26 Feb 2023 18:40:56 GMT', 'Connection': 'keep-alive', 'Keep-Alive': 'timeout=5'} 
 body={"user":{"id":"iIo5YbNZk","uuid":"85745817-2a66-408c-867f-d9f4a778538a","firstName":"Karthee1","lastName":"S","username":"kartheeswari1311@gmail.com","password":"$2a$10$oI4/Xm9yCY5Dg/8Zqkc4r.bsdVAbiWI.eQ9JLYWNrsTsbpOQKEfmK","balance":0,"createdAt":"2023-02-26T18:35:42.277Z","modifiedAt":"2023-02-26T18:35:42.277Z"}} 
 </msg>
<msg timestamp="20230227 00:10:56.334" level="INFO">${loginresponse} = &lt;Response [200]&gt;</msg>
<status status="PASS" starttime="20230227 00:10:56.160" endtime="20230227 00:10:56.334"/>
</kw>
<kw name="Log To Console" library="BuiltIn">
<arg>${loginresponse}</arg>
<doc>Logs the given message to the console.</doc>
<status status="PASS" starttime="20230227 00:10:56.334" endtime="20230227 00:10:56.335"/>
</kw>
<status status="PASS" starttime="20230227 00:10:56.157" endtime="20230227 00:10:56.335"/>
</kw>
<kw name="create_bank_a/c_graphql" library="API_resources">
<kw name="Create Dictionary" library="BuiltIn">
<var>${bank_details}</var>
<arg>accountNumber=${random_num}</arg>
<arg>bankName=${bankTransfer_data}[bankname_xpected]</arg>
<arg>routingNumber=${bankTransfer_data}[routing_number_xpected]</arg>
<arg>query=${Signin_data}[get_data]</arg>
<doc>Creates and returns a dictionary based on the given ``items``.</doc>
<msg timestamp="20230227 00:10:56.337" level="INFO">${bank_details} = {'accountNumber': 'Generate random string 9 [NUMBERS]', 'bankName': 'Axis Bank', 'routingNumber': '987654321', 'query': '\n  query ListBankAccount {\n    listBankAccount {\n      id\n      uuid\n     ...</msg>
<status status="PASS" starttime="20230227 00:10:56.336" endtime="20230227 00:10:56.337"/>
</kw>
<kw name="POST On Session" library="RequestsLibrary">
<var>${create_back_ac}</var>
<arg>session2</arg>
<arg>graphql</arg>
<arg>data=${bank_details}</arg>
<doc>Sends a POST request on a previously created HTTP Session.</doc>
<msg timestamp="20230227 00:10:56.347" level="INFO">POST Request : url=http://localhost:3001/graphql 
 path_url=/graphql 
 headers={'User-Agent': 'python-requests/2.26.0', 'Accept-Encoding': 'gzip, deflate, br', 'Accept': '*/*', 'Connection': 'keep-alive', 'Cookie': 'connect.sid=s%3ADhUZclBUcKpeE4hu3gjLxlebeMEiVqhg.tUUfsIsXDGlBgQTQzG%2Free3Ef2o6zs25FLfqqm%2BfpEg', 'Content-Length': '334', 'Content-Type': 'application/x-www-form-urlencoded'} 
 body=accountNumber=Generate+random+string+9+%5BNUMBERS%5D&amp;bankName=Axis+Bank&amp;routingNumber=987654321&amp;query=%0A++query+ListBankAccount+%7B%0A++++listBankAccount+%7B%0A++++++id%0A++++++uuid%0A++++++userId%0A++++++bankName%0A++++++accountNumber%0A++++++routingNumber%0A++++++isDeleted%0A++++++createdAt%0A++++++modifiedAt%0A++++%7D%0A++%7D%0A 
 </msg>
<msg timestamp="20230227 00:10:56.347" level="INFO">POST Response : url=http://localhost:3001/graphql 
 status=200, reason=OK 
 headers={'X-Powered-By': 'Express', 'Access-Control-Allow-Origin': 'http://localhost:3000', 'Vary': 'Origin', 'Access-Control-Allow-Credentials': 'true', 'Content-Type': 'application/json; charset=utf-8', 'Content-Length': '561', 'ETag': 'W/"231-btJYZXXPp5WfqpD2B0SEjJYj+1s"', 'Date': 'Sun, 26 Feb 2023 18:40:56 GMT', 'Connection': 'keep-alive', 'Keep-Alive': 'timeout=5'} 
 body={"data":{"listBankAccount":[{"id":"4l6MFwgv7b","uuid":"a05f05f0-f037-4b43-a1cd-5049a5d04e6d","userId":"iIo5YbNZk","bankName":"Axis Bank","accountNumber":"Generate random string 9 [NUMBERS]","routingNumber":"987654321","isDeleted":true,"createdAt":"1677436542963","modifiedAt":"1677436542963"},{"id":"7yEzg9KQeA","uuid":"cf9d46f6-7d3d-484b-bbb8-292f9e8f4172","userId":"iIo5YbNZk","bankName":"Axis Bank","accountNumber":"Generate random string 9 [NUMBERS]","routingNumber":"987654321","isDeleted":false,"createdAt":"1677436855944","modifiedAt":"1677436855944"}]}} 
 </msg>
<msg timestamp="20230227 00:10:56.347" level="INFO">${create_back_ac} = &lt;Response [200]&gt;</msg>
<status status="PASS" starttime="20230227 00:10:56.337" endtime="20230227 00:10:56.347"/>
</kw>
<status status="PASS" starttime="20230227 00:10:56.335" endtime="20230227 00:10:56.348"/>
</kw>
<tag>BT-005: Create_Bank_account_graphql</tag>
<status status="PASS" starttime="20230227 00:10:56.156" endtime="20230227 00:10:56.348"/>
</test>
<test id="s1-s1-t6" name="BT-006: Get_Bank_account_graphql" line="31">
<kw name="get_all_bank_a/cs_graphql" library="API_resources">
<kw name="Create Dictionary" library="BuiltIn">
<var>${body}</var>
<arg>query=${Signin_data}[get_data]</arg>
<doc>Creates and returns a dictionary based on the given ``items``.</doc>
<msg timestamp="20230227 00:10:56.351" level="INFO">${body} = {'query': '\n  query ListBankAccount {\n    listBankAccount {\n      id\n      uuid\n      userId\n      bankName\n      accountNumber\n      routingNumber\n      isDeleted\n      createdAt\n      mod...</msg>
<status status="PASS" starttime="20230227 00:10:56.351" endtime="20230227 00:10:56.351"/>
</kw>
<kw name="POST On Session" library="RequestsLibrary">
<var>${get_all}</var>
<arg>session2</arg>
<arg>graphql</arg>
<arg>data=${body}</arg>
<doc>Sends a POST request on a previously created HTTP Session.</doc>
<msg timestamp="20230227 00:10:56.361" level="INFO">POST Request : url=http://localhost:3001/graphql 
 path_url=/graphql 
 headers={'User-Agent': 'python-requests/2.26.0', 'Accept-Encoding': 'gzip, deflate, br', 'Accept': '*/*', 'Connection': 'keep-alive', 'Cookie': 'connect.sid=s%3ADhUZclBUcKpeE4hu3gjLxlebeMEiVqhg.tUUfsIsXDGlBgQTQzG%2Free3Ef2o6zs25FLfqqm%2BfpEg', 'Content-Length': '238', 'Content-Type': 'application/x-www-form-urlencoded'} 
 body=query=%0A++query+ListBankAccount+%7B%0A++++listBankAccount+%7B%0A++++++id%0A++++++uuid%0A++++++userId%0A++++++bankName%0A++++++accountNumber%0A++++++routingNumber%0A++++++isDeleted%0A++++++createdAt%0A++++++modifiedAt%0A++++%7D%0A++%7D%0A 
 </msg>
<msg timestamp="20230227 00:10:56.361" level="INFO">POST Response : url=http://localhost:3001/graphql 
 status=200, reason=OK 
 headers={'X-Powered-By': 'Express', 'Access-Control-Allow-Origin': 'http://localhost:3000', 'Vary': 'Origin', 'Access-Control-Allow-Credentials': 'true', 'Content-Type': 'application/json; charset=utf-8', 'Content-Length': '561', 'ETag': 'W/"231-btJYZXXPp5WfqpD2B0SEjJYj+1s"', 'Date': 'Sun, 26 Feb 2023 18:40:56 GMT', 'Connection': 'keep-alive', 'Keep-Alive': 'timeout=5'} 
 body={"data":{"listBankAccount":[{"id":"4l6MFwgv7b","uuid":"a05f05f0-f037-4b43-a1cd-5049a5d04e6d","userId":"iIo5YbNZk","bankName":"Axis Bank","accountNumber":"Generate random string 9 [NUMBERS]","routingNumber":"987654321","isDeleted":true,"createdAt":"1677436542963","modifiedAt":"1677436542963"},{"id":"7yEzg9KQeA","uuid":"cf9d46f6-7d3d-484b-bbb8-292f9e8f4172","userId":"iIo5YbNZk","bankName":"Axis Bank","accountNumber":"Generate random string 9 [NUMBERS]","routingNumber":"987654321","isDeleted":false,"createdAt":"1677436855944","modifiedAt":"1677436855944"}]}} 
 </msg>
<msg timestamp="20230227 00:10:56.361" level="INFO">${get_all} = &lt;Response [200]&gt;</msg>
<status status="PASS" starttime="20230227 00:10:56.352" endtime="20230227 00:10:56.361"/>
</kw>
<kw name="Set Global Variable" library="BuiltIn">
<arg>${get_all}</arg>
<doc>Makes a variable available globally in all tests and suites.</doc>
<msg timestamp="20230227 00:10:56.363" level="INFO">${get_all} = &lt;Response [200]&gt;</msg>
<status status="PASS" starttime="20230227 00:10:56.362" endtime="20230227 00:10:56.363"/>
</kw>
<kw name="Set Variable" library="BuiltIn">
<var>${bank_name}</var>
<arg>${get_all.json()['data']['listBankAccount'][0]['bankName']}</arg>
<doc>Returns the given values which can then be assigned to a variables.</doc>
<msg timestamp="20230227 00:10:56.364" level="INFO">${bank_name} = Axis Bank</msg>
<status status="PASS" starttime="20230227 00:10:56.363" endtime="20230227 00:10:56.364"/>
</kw>
<kw name="Should Be Equal" library="BuiltIn">
<arg>${bank_name}</arg>
<arg>${bankTransfer_data}[bankname_xpected]</arg>
<doc>Fails if the given objects are unequal.</doc>
<status status="PASS" starttime="20230227 00:10:56.365" endtime="20230227 00:10:56.366"/>
</kw>
<kw name="Set Variable" library="BuiltIn">
<var>${account_number}</var>
<arg>${get_all.json()['data']['listBankAccount'][0]['accountNumber']}</arg>
<doc>Returns the given values which can then be assigned to a variables.</doc>
<msg timestamp="20230227 00:10:56.367" level="INFO">${account_number} = Generate random string 9 [NUMBERS]</msg>
<status status="PASS" starttime="20230227 00:10:56.366" endtime="20230227 00:10:56.368"/>
</kw>
<kw name="Should Be Equal" library="BuiltIn">
<arg>${account_number}</arg>
<arg>${random_num}</arg>
<doc>Fails if the given objects are unequal.</doc>
<status status="PASS" starttime="20230227 00:10:56.368" endtime="20230227 00:10:56.369"/>
</kw>
<kw name="Set Variable" library="BuiltIn">
<var>${routing_number}</var>
<arg>${get_all.json()['data']['listBankAccount'][0]['routingNumber']}</arg>
<doc>Returns the given values which can then be assigned to a variables.</doc>
<msg timestamp="20230227 00:10:56.369" level="INFO">${routing_number} = 987654321</msg>
<status status="PASS" starttime="20230227 00:10:56.369" endtime="20230227 00:10:56.369"/>
</kw>
<kw name="Should Be Equal" library="BuiltIn">
<arg>${routing_number}</arg>
<arg>${bankTransfer_data}[routing_number_xpected]</arg>
<doc>Fails if the given objects are unequal.</doc>
<status status="PASS" starttime="20230227 00:10:56.369" endtime="20230227 00:10:56.370"/>
</kw>
<status status="PASS" starttime="20230227 00:10:56.349" endtime="20230227 00:10:56.370"/>
</kw>
<tag>BT-006: Get_Bank_account_graphql</tag>
<status status="PASS" starttime="20230227 00:10:56.349" endtime="20230227 00:10:56.370"/>
</test>
<test id="s1-s1-t7" name="BT-007: CreateBankTransfer" line="35">
<kw name="login_api" library="API_resources">
<kw name="Create Dictionary" library="BuiltIn">
<var>${body}</var>
<arg>username=${signup_data}[username]</arg>
<arg>password=${signup_data}[password]</arg>
<arg>type=LOGIN</arg>
<doc>Creates and returns a dictionary based on the given ``items``.</doc>
<msg timestamp="20230227 00:10:56.373" level="INFO">${body} = {'username': 'kartheeswari1311@gmail.com', 'password': 'Welcome123#', 'type': 'LOGIN'}</msg>
<status status="PASS" starttime="20230227 00:10:56.372" endtime="20230227 00:10:56.373"/>
</kw>
<kw name="Create Session" library="RequestsLibrary">
<arg>session2</arg>
<arg>${Signin_data}[base_url]</arg>
<arg>verify=true</arg>
<doc>Create Session: create a HTTP session to a server</doc>
<msg timestamp="20230227 00:10:56.374" level="INFO">Creating Session using : alias=session2, url=http://localhost:3001, headers={},                     cookies={}, auth=None, timeout=None, proxies=None, verify=True,                     debug=0 </msg>
<status status="PASS" starttime="20230227 00:10:56.373" endtime="20230227 00:10:56.374"/>
</kw>
<kw name="Create Dictionary" library="BuiltIn">
<var>${header}</var>
<arg>Content-Type=application/json;charset=utf-8</arg>
<doc>Creates and returns a dictionary based on the given ``items``.</doc>
<msg timestamp="20230227 00:10:56.376" level="INFO">${header} = {'Content-Type': 'application/json;charset=utf-8'}</msg>
<status status="PASS" starttime="20230227 00:10:56.375" endtime="20230227 00:10:56.376"/>
</kw>
<kw name="POST On Session" library="RequestsLibrary">
<var>${loginresponse}</var>
<arg>session2</arg>
<arg>login</arg>
<arg>data=${body}</arg>
<doc>Sends a POST request on a previously created HTTP Session.</doc>
<msg timestamp="20230227 00:10:56.499" level="INFO">POST Request : url=http://localhost:3001/login 
 path_url=/login 
 headers={'User-Agent': 'python-requests/2.26.0', 'Accept-Encoding': 'gzip, deflate, br', 'Accept': '*/*', 'Connection': 'keep-alive', 'Content-Length': '71', 'Content-Type': 'application/x-www-form-urlencoded'} 
 body=username=kartheeswari1311%40gmail.com&amp;password=Welcome123%23&amp;type=LOGIN 
 </msg>
<msg timestamp="20230227 00:10:56.499" level="INFO">POST Response : url=http://localhost:3001/login 
 status=200, reason=OK 
 headers={'X-Powered-By': 'Express', 'Access-Control-Allow-Origin': 'http://localhost:3000', 'Vary': 'Origin', 'Access-Control-Allow-Credentials': 'true', 'Content-Type': 'application/json; charset=utf-8', 'Content-Length': '316', 'ETag': 'W/"13c-PqrpBl/85ffjkHcvb3QgZCtfRNM"', 'Set-Cookie': 'connect.sid=s%3ANCK4sGv97kNkuLthY0EczgwA3UG--E_z.yrcEuOnrIL7hZFmsTAml%2BikCuRYJdrP5TMJ92ghiKuE; Path=/; HttpOnly', 'Date': 'Sun, 26 Feb 2023 18:40:56 GMT', 'Connection': 'keep-alive', 'Keep-Alive': 'timeout=5'} 
 body={"user":{"id":"iIo5YbNZk","uuid":"85745817-2a66-408c-867f-d9f4a778538a","firstName":"Karthee1","lastName":"S","username":"kartheeswari1311@gmail.com","password":"$2a$10$oI4/Xm9yCY5Dg/8Zqkc4r.bsdVAbiWI.eQ9JLYWNrsTsbpOQKEfmK","balance":0,"createdAt":"2023-02-26T18:35:42.277Z","modifiedAt":"2023-02-26T18:35:42.277Z"}} 
 </msg>
<msg timestamp="20230227 00:10:56.499" level="INFO">${loginresponse} = &lt;Response [200]&gt;</msg>
<status status="PASS" starttime="20230227 00:10:56.376" endtime="20230227 00:10:56.499"/>
</kw>
<kw name="Log To Console" library="BuiltIn">
<arg>${loginresponse}</arg>
<doc>Logs the given message to the console.</doc>
<status status="PASS" starttime="20230227 00:10:56.500" endtime="20230227 00:10:56.500"/>
</kw>
<status status="PASS" starttime="20230227 00:10:56.372" endtime="20230227 00:10:56.501"/>
</kw>
<kw name="create_banktransfer" library="API_resources">
<kw name="Create Dictionary" library="BuiltIn">
<var>${data}</var>
<arg>amount=${bankTransfer_data}[amount]</arg>
<arg>description=${bankTransfer_data}[description]</arg>
<arg>receiverId=${bankTransfer_data}[receiverId]</arg>
<arg>senderId=${bankTransfer_data}[senderId]</arg>
<arg>transactionType=${bankTransfer_data}[transactionType]</arg>
<doc>Creates and returns a dictionary based on the given ``items``.</doc>
<msg timestamp="20230227 00:10:56.503" level="INFO">${data} = {'amount': '2000', 'description': 'testing', 'receiverId': 't45AiwidW', 'senderId': 'Pe7g0o-GC', 'transactionType': 'payment'}</msg>
<status status="PASS" starttime="20230227 00:10:56.501" endtime="20230227 00:10:56.503"/>
</kw>
<kw name="POST On Session" library="RequestsLibrary">
<var>${create_bank_transfer}</var>
<arg>session2</arg>
<arg>transactions</arg>
<arg>data=${data}</arg>
<doc>Sends a POST request on a previously created HTTP Session.</doc>
<msg timestamp="20230227 00:10:56.543" level="INFO">POST Request : url=http://localhost:3001/transactions 
 path_url=/transactions 
 headers={'User-Agent': 'python-requests/2.26.0', 'Accept-Encoding': 'gzip, deflate, br', 'Accept': '*/*', 'Connection': 'keep-alive', 'Cookie': 'connect.sid=s%3ANCK4sGv97kNkuLthY0EczgwA3UG--E_z.yrcEuOnrIL7hZFmsTAml%2BikCuRYJdrP5TMJ92ghiKuE', 'Content-Length': '95', 'Content-Type': 'application/x-www-form-urlencoded'} 
 body=amount=2000&amp;description=testing&amp;receiverId=t45AiwidW&amp;senderId=Pe7g0o-GC&amp;transactionType=payment 
 </msg>
<msg timestamp="20230227 00:10:56.544" level="INFO">POST Response : url=http://localhost:3001/transactions 
 status=200, reason=OK 
 headers={'X-Powered-By': 'Express', 'Access-Control-Allow-Origin': 'http://localhost:3000', 'Vary': 'Origin', 'Access-Control-Allow-Credentials': 'true', 'Content-Type': 'application/json; charset=utf-8', 'Content-Length': '267', 'ETag': 'W/"10b-tuylzEqnQfVis+sp7QzOMnQkLcA"', 'Date': 'Sun, 26 Feb 2023 18:40:56 GMT', 'Connection': 'keep-alive', 'Keep-Alive': 'timeout=5'} 
 body={"transaction":{"id":"FrZjliQ21","uuid":"4e66f70c-9b83-4bb8-bb71-373a0bf53e9e","amount":200000,"description":"testing","receiverId":"t45AiwidW","senderId":"iIo5YbNZk","status":"complete","createdAt":"2023-02-26T18:40:56.509Z","modifiedAt":"2023-02-26T18:40:56.509Z"}} 
 </msg>
<msg timestamp="20230227 00:10:56.544" level="INFO">${create_bank_transfer} = &lt;Response [200]&gt;</msg>
<status status="PASS" starttime="20230227 00:10:56.503" endtime="20230227 00:10:56.544"/>
</kw>
<kw name="Set Variable" library="BuiltIn">
<var>${bank_transfer_id}</var>
<arg>${create_bank_transfer.json()['transaction']['id']}</arg>
<doc>Returns the given values which can then be assigned to a variables.</doc>
<msg timestamp="20230227 00:10:56.546" level="INFO">${bank_transfer_id} = FrZjliQ21</msg>
<status status="PASS" starttime="20230227 00:10:56.544" endtime="20230227 00:10:56.546"/>
</kw>
<kw name="Set Global Variable" library="BuiltIn">
<arg>${bank_transfer_id}</arg>
<doc>Makes a variable available globally in all tests and suites.</doc>
<msg timestamp="20230227 00:10:56.547" level="INFO">${bank_transfer_id} = FrZjliQ21</msg>
<status status="PASS" starttime="20230227 00:10:56.547" endtime="20230227 00:10:56.547"/>
</kw>
<kw name="Evaluate" library="BuiltIn">
<arg>"${create_bank_transfer.json()['transaction']['status']}"=="${bankTransfer_data}[status]"</arg>
<doc>Evaluates the given expression in Python and returns the result.</doc>
<status status="PASS" starttime="20230227 00:10:56.548" endtime="20230227 00:10:56.550"/>
</kw>
<kw name="Evaluate" library="BuiltIn">
<arg>"${create_bank_transfer.json()['transaction']['amount']}"=="${bankTransfer_data}[amount]"</arg>
<doc>Evaluates the given expression in Python and returns the result.</doc>
<status status="PASS" starttime="20230227 00:10:56.550" endtime="20230227 00:10:56.552"/>
</kw>
<kw name="Evaluate" library="BuiltIn">
<arg>"${create_bank_transfer.json()['transaction']['description']}"=="${bankTransfer_data}[description]"</arg>
<doc>Evaluates the given expression in Python and returns the result.</doc>
<status status="PASS" starttime="20230227 00:10:56.553" endtime="20230227 00:10:56.555"/>
</kw>
<kw name="Evaluate" library="BuiltIn">
<arg>"${create_bank_transfer.json()['transaction']['receiverId']}"=="${bankTransfer_data}[receiverId]"</arg>
<doc>Evaluates the given expression in Python and returns the result.</doc>
<status status="PASS" starttime="20230227 00:10:56.555" endtime="20230227 00:10:56.557"/>
</kw>
<kw name="Evaluate" library="BuiltIn">
<arg>"${create_bank_transfer.json()['transaction']['senderId']}"=="${bankTransfer_data}[senderId]"</arg>
<doc>Evaluates the given expression in Python and returns the result.</doc>
<status status="PASS" starttime="20230227 00:10:56.557" endtime="20230227 00:10:56.559"/>
</kw>
<status status="PASS" starttime="20230227 00:10:56.501" endtime="20230227 00:10:56.559"/>
</kw>
<tag>BT-007: Create a new bank transfer</tag>
<status status="PASS" starttime="20230227 00:10:56.371" endtime="20230227 00:10:56.559"/>
</test>
<test id="s1-s1-t8" name="BT-008: GetTransferAPI" line="39">
<kw name="get_bankTransfer" library="API_resources">
<kw name="GET On Session" library="RequestsLibrary">
<var>${get_bank_transfer}</var>
<arg>session2</arg>
<arg>transactions</arg>
<doc>Sends a GET request on a previously created HTTP Session.</doc>
<msg timestamp="20230227 00:10:56.568" level="INFO">GET Request : url=http://localhost:3001/transactions 
 path_url=/transactions 
 headers={'User-Agent': 'python-requests/2.26.0', 'Accept-Encoding': 'gzip, deflate, br', 'Accept': '*/*', 'Connection': 'keep-alive', 'Cookie': 'connect.sid=s%3ANCK4sGv97kNkuLthY0EczgwA3UG--E_z.yrcEuOnrIL7hZFmsTAml%2BikCuRYJdrP5TMJ92ghiKuE'} 
 body=None 
 </msg>
<msg timestamp="20230227 00:10:56.568" level="INFO">GET Response : url=http://localhost:3001/transactions 
 status=200, reason=OK 
 headers={'X-Powered-By': 'Express', 'Access-Control-Allow-Origin': 'http://localhost:3000', 'Vary': 'Origin', 'Access-Control-Allow-Credentials': 'true', 'Content-Type': 'application/json; charset=utf-8', 'Content-Length': '1333', 'ETag': 'W/"535-2a1uGbVIx9asLqPGpDFLantNcRE"', 'Date': 'Sun, 26 Feb 2023 18:40:56 GMT', 'Connection': 'keep-alive', 'Keep-Alive': 'timeout=5'} 
 body={"pageData":{"page":1,"limit":10,"hasNextPages":false,"totalPages":1},"results":[{"receiverName":"Edgar Johns","senderName":"Karthee1 S","receiverAvatar":"https://cypress-realworld-app-svgs.s3.amazonaws.com/t45AiwidW.svg","likes":[],"comments":[],"id":"FrZjliQ21","uuid":"4e66f70c-9b83-4bb8-bb71-373a0bf53e9e","amount":200000,"description":"testing","receiverId":"t45AiwidW","senderId":"iIo5YbNZk","status":"complete","createdAt":"2023-02-26T18:40:56.509Z","modifiedAt":"2023-02-26T18:40:56.509Z"},{"receiverName":"Edgar Johns","senderName":"Karthee1 S","receiverAvatar":"https://cypress-realworld-app-svgs.s3.amazonaws.com/t45AiwidW.svg","likes":[{"id":"h-i02CW9ky","uuid":"4365b282-412f-4108-a6a8-92c3d392f462","userId":"iIo5YbNZk","transactionId":"Ca9zQm1ct","createdAt":"2023-02-26T18:35:44.620Z","modifiedAt":"2023-02-26T18:35:44.620Z"}],"comments":[{"id":"JuZUZfW93P","uuid":"436b2566-4fb4-4201-983e-19d2f38bfab5","content":"Send you the share","userId":"iIo5YbNZk","transactionId":"Ca9zQm1ct","createdAt":"2023-02-26T18:35:44.566Z","modifiedAt":"2023-02-26T18:35:44.566Z"}],"id":"Ca9zQm1ct","uuid":"63fec23f-f541-44dd-a4e9-0456d5d0e942","amount":200000,"description":"testing","receiverId":"t45AiwidW","senderId":"iIo5YbNZk","status":"complete","createdAt":"2023-02-26T18:35:44.424Z","modifiedAt":"2023-02-26T18:35:44.424Z"}]} 
 </msg>
<msg timestamp="20230227 00:10:56.569" level="INFO">${get_bank_transfer} = &lt;Response [200]&gt;</msg>
<status status="PASS" starttime="20230227 00:10:56.561" endtime="20230227 00:10:56.569"/>
</kw>
<kw name="Get Length" library="BuiltIn">
<var>${total_transfers}</var>
<arg>${get_bank_transfer.json()['results']}</arg>
<doc>Returns and logs the length of the given item as an integer.</doc>
<msg timestamp="20230227 00:10:56.570" level="INFO">Length is 2</msg>
<msg timestamp="20230227 00:10:56.570" level="INFO">${total_transfers} = 2</msg>
<status status="PASS" starttime="20230227 00:10:56.569" endtime="20230227 00:10:56.570"/>
</kw>
<for flavor="IN RANGE">
<var>${i}</var>
<value>0</value>
<value>${total_transfers}</value>
<iter>
<var name="${i}">0</var>
<if>
<branch type="IF" condition="&quot;${get_bank_transfer.json()['results'][${i}]['id']}&quot;==&quot;${bank_transfer_id}&quot;">
<kw name="Evaluate" library="BuiltIn">
<arg>"${get_bank_transfer.json()['results'][${i}]['amount']}"=="${bankTransfer_data}[amount]"</arg>
<doc>Evaluates the given expression in Python and returns the result.</doc>
<status status="PASS" starttime="20230227 00:10:56.573" endtime="20230227 00:10:56.576"/>
</kw>
<kw name="Evaluate" library="BuiltIn">
<arg>"${get_bank_transfer.json()['results'][${i}]['description']}"=="${bankTransfer_data}[description]"</arg>
<doc>Evaluates the given expression in Python and returns the result.</doc>
<status status="PASS" starttime="20230227 00:10:56.577" endtime="20230227 00:10:56.581"/>
</kw>
<break>
<status status="PASS" starttime="20230227 00:10:56.581" endtime="20230227 00:10:56.582"/>
</break>
<status status="PASS" starttime="20230227 00:10:56.573" endtime="20230227 00:10:56.582"/>
</branch>
<branch type="ELSE">
<continue>
<status status="NOT RUN" starttime="20230227 00:10:56.582" endtime="20230227 00:10:56.582"/>
</continue>
<status status="NOT RUN" starttime="20230227 00:10:56.582" endtime="20230227 00:10:56.582"/>
</branch>
<status status="PASS" starttime="20230227 00:10:56.572" endtime="20230227 00:10:56.583"/>
</if>
<status status="PASS" starttime="20230227 00:10:56.570" endtime="20230227 00:10:56.583"/>
</iter>
<status status="PASS" starttime="20230227 00:10:56.570" endtime="20230227 00:10:56.583"/>
</for>
<status status="PASS" starttime="20230227 00:10:56.560" endtime="20230227 00:10:56.583"/>
</kw>
<tag>BT-008: Gets a list of bank transfers for user</tag>
<status status="PASS" starttime="20230227 00:10:56.559" endtime="20230227 00:10:56.584"/>
</test>
<test id="s1-s1-t9" name="BT-009: Post_Comments" line="43">
<kw name="post_comments" library="API_resources">
<kw name="Create Dictionary" library="BuiltIn">
<var>${body}</var>
<arg>content=${bankTransfer_data}[comments]</arg>
<arg>transactionId=${bank_transfer_id}</arg>
<doc>Creates and returns a dictionary based on the given ``items``.</doc>
<msg timestamp="20230227 00:10:56.587" level="INFO">${body} = {'content': 'Send you the share', 'transactionId': 'FrZjliQ21'}</msg>
<status status="PASS" starttime="20230227 00:10:56.586" endtime="20230227 00:10:56.587"/>
</kw>
<kw name="POST On Session" library="RequestsLibrary">
<var>${post_comments}</var>
<arg>session2</arg>
<arg>comments/${bank_transfer_id}</arg>
<arg>data=${body}</arg>
<doc>Sends a POST request on a previously created HTTP Session.</doc>
<msg timestamp="20230227 00:10:56.608" level="INFO">POST Request : url=http://localhost:3001/comments/FrZjliQ21 
 path_url=/comments/FrZjliQ21 
 headers={'User-Agent': 'python-requests/2.26.0', 'Accept-Encoding': 'gzip, deflate, br', 'Accept': '*/*', 'Connection': 'keep-alive', 'Cookie': 'connect.sid=s%3ANCK4sGv97kNkuLthY0EczgwA3UG--E_z.yrcEuOnrIL7hZFmsTAml%2BikCuRYJdrP5TMJ92ghiKuE', 'Content-Length': '50', 'Content-Type': 'application/x-www-form-urlencoded'} 
 body=content=Send+you+the+share&amp;transactionId=FrZjliQ21 
 </msg>
<msg timestamp="20230227 00:10:56.608" level="INFO">POST Response : url=http://localhost:3001/comments/FrZjliQ21 
 status=200, reason=OK 
 headers={'X-Powered-By': 'Express', 'Access-Control-Allow-Origin': 'http://localhost:3000', 'Vary': 'Origin', 'Access-Control-Allow-Credentials': 'true', 'Content-Type': 'text/plain; charset=utf-8', 'Content-Length': '2', 'ETag': 'W/"2-nOO9QiTIwXgNtWtBJezz8kv3SLc"', 'Date': 'Sun, 26 Feb 2023 18:40:56 GMT', 'Connection': 'keep-alive', 'Keep-Alive': 'timeout=5'} 
 body=OK 
 </msg>
<msg timestamp="20230227 00:10:56.608" level="INFO">${post_comments} = &lt;Response [200]&gt;</msg>
<status status="PASS" starttime="20230227 00:10:56.587" endtime="20230227 00:10:56.608"/>
</kw>
<kw name="Request Should Be Successful" library="RequestsLibrary">
<doc>Fails if response status code is a client or server error (4xx, 5xx).</doc>
<status status="PASS" starttime="20230227 00:10:56.608" endtime="20230227 00:10:56.609"/>
</kw>
<status status="PASS" starttime="20230227 00:10:56.586" endtime="20230227 00:10:56.609"/>
</kw>
<tag>BT-009: Posting comments to the bank transfer</tag>
<status status="PASS" starttime="20230227 00:10:56.584" endtime="20230227 00:10:56.612"/>
</test>
<test id="s1-s1-t10" name="BT-010: Get_Comments" line="47">
<kw name="get_comments" library="API_resources">
<kw name="GET On Session" library="RequestsLibrary">
<var>${get_comments}</var>
<arg>session2</arg>
<arg>comments/${bank_transfer_id}</arg>
<doc>Sends a GET request on a previously created HTTP Session.</doc>
<msg timestamp="20230227 00:10:56.621" level="INFO">GET Request : url=http://localhost:3001/comments/FrZjliQ21 
 path_url=/comments/FrZjliQ21 
 headers={'User-Agent': 'python-requests/2.26.0', 'Accept-Encoding': 'gzip, deflate, br', 'Accept': '*/*', 'Connection': 'keep-alive', 'Cookie': 'connect.sid=s%3ANCK4sGv97kNkuLthY0EczgwA3UG--E_z.yrcEuOnrIL7hZFmsTAml%2BikCuRYJdrP5TMJ92ghiKuE'} 
 body=None 
 </msg>
<msg timestamp="20230227 00:10:56.621" level="INFO">GET Response : url=http://localhost:3001/comments/FrZjliQ21 
 status=200, reason=OK 
 headers={'X-Powered-By': 'Express', 'Access-Control-Allow-Origin': 'http://localhost:3000', 'Vary': 'Origin', 'Access-Control-Allow-Credentials': 'true', 'Content-Type': 'application/json; charset=utf-8', 'Content-Length': '239', 'ETag': 'W/"ef-t3aZdsGRtDgCubDrYNsnmaHGeTo"', 'Date': 'Sun, 26 Feb 2023 18:40:56 GMT', 'Connection': 'keep-alive', 'Keep-Alive': 'timeout=5'} 
 body={"comments":[{"id":"0ED0U48dCs","uuid":"30c8f0ed-f2c5-4861-bef7-c426fe188342","content":"Send you the share","userId":"iIo5YbNZk","transactionId":"FrZjliQ21","createdAt":"2023-02-26T18:40:56.595Z","modifiedAt":"2023-02-26T18:40:56.595Z"}]} 
 </msg>
<msg timestamp="20230227 00:10:56.621" level="INFO">${get_comments} = &lt;Response [200]&gt;</msg>
<status status="PASS" starttime="20230227 00:10:56.615" endtime="20230227 00:10:56.621"/>
</kw>
<kw name="Evaluate" library="BuiltIn">
<arg>'${get_comments.json()['comments'][0]['content']}'=='${bankTransfer_data}[comments]'</arg>
<doc>Evaluates the given expression in Python and returns the result.</doc>
<status status="PASS" starttime="20230227 00:10:56.622" endtime="20230227 00:10:56.623"/>
</kw>
<status status="PASS" starttime="20230227 00:10:56.614" endtime="20230227 00:10:56.623"/>
</kw>
<tag>BT-010: Getting comments from the bank transfer</tag>
<status status="PASS" starttime="20230227 00:10:56.613" endtime="20230227 00:10:56.623"/>
</test>
<test id="s1-s1-t11" name="BT-011: Post_Likes" line="50">
<kw name="post_Likes" library="API_resources">
<kw name="Create Dictionary" library="BuiltIn">
<var>${body}</var>
<arg>transactionId=${bank_transfer_id}</arg>
<doc>Creates and returns a dictionary based on the given ``items``.</doc>
<msg timestamp="20230227 00:10:56.625" level="INFO">${body} = {'transactionId': 'FrZjliQ21'}</msg>
<status status="PASS" starttime="20230227 00:10:56.625" endtime="20230227 00:10:56.625"/>
</kw>
<kw name="POST On Session" library="RequestsLibrary">
<var>${post_like}</var>
<arg>session2</arg>
<arg>likes/${bank_transfer_id}</arg>
<arg>data=${body}</arg>
<doc>Sends a POST request on a previously created HTTP Session.</doc>
<msg timestamp="20230227 00:10:56.644" level="INFO">POST Request : url=http://localhost:3001/likes/FrZjliQ21 
 path_url=/likes/FrZjliQ21 
 headers={'User-Agent': 'python-requests/2.26.0', 'Accept-Encoding': 'gzip, deflate, br', 'Accept': '*/*', 'Connection': 'keep-alive', 'Cookie': 'connect.sid=s%3ANCK4sGv97kNkuLthY0EczgwA3UG--E_z.yrcEuOnrIL7hZFmsTAml%2BikCuRYJdrP5TMJ92ghiKuE', 'Content-Length': '23', 'Content-Type': 'application/x-www-form-urlencoded'} 
 body=transactionId=FrZjliQ21 
 </msg>
<msg timestamp="20230227 00:10:56.644" level="INFO">POST Response : url=http://localhost:3001/likes/FrZjliQ21 
 status=200, reason=OK 
 headers={'X-Powered-By': 'Express', 'Access-Control-Allow-Origin': 'http://localhost:3000', 'Vary': 'Origin', 'Access-Control-Allow-Credentials': 'true', 'Content-Type': 'text/plain; charset=utf-8', 'Content-Length': '2', 'ETag': 'W/"2-nOO9QiTIwXgNtWtBJezz8kv3SLc"', 'Date': 'Sun, 26 Feb 2023 18:40:56 GMT', 'Connection': 'keep-alive', 'Keep-Alive': 'timeout=5'} 
 body=OK 
 </msg>
<msg timestamp="20230227 00:10:56.645" level="INFO">${post_like} = &lt;Response [200]&gt;</msg>
<status status="PASS" starttime="20230227 00:10:56.626" endtime="20230227 00:10:56.645"/>
</kw>
<kw name="Request Should Be Successful" library="RequestsLibrary">
<doc>Fails if response status code is a client or server error (4xx, 5xx).</doc>
<status status="PASS" starttime="20230227 00:10:56.645" endtime="20230227 00:10:56.646"/>
</kw>
<status status="PASS" starttime="20230227 00:10:56.625" endtime="20230227 00:10:56.646"/>
</kw>
<tag>BT-011: Posting likes to the bank transfer</tag>
<status status="PASS" starttime="20230227 00:10:56.624" endtime="20230227 00:10:56.646"/>
</test>
<test id="s1-s1-t12" name="BT-012: Get_Likes" line="54">
<kw name="Get_Likes" library="API_resources">
<kw name="GET On Session" library="RequestsLibrary">
<var>${get_likes}</var>
<arg>session2</arg>
<arg>likes/${bank_transfer_id}</arg>
<doc>Sends a GET request on a previously created HTTP Session.</doc>
<msg timestamp="20230227 00:10:56.654" level="INFO">GET Request : url=http://localhost:3001/likes/FrZjliQ21 
 path_url=/likes/FrZjliQ21 
 headers={'User-Agent': 'python-requests/2.26.0', 'Accept-Encoding': 'gzip, deflate, br', 'Accept': '*/*', 'Connection': 'keep-alive', 'Cookie': 'connect.sid=s%3ANCK4sGv97kNkuLthY0EczgwA3UG--E_z.yrcEuOnrIL7hZFmsTAml%2BikCuRYJdrP5TMJ92ghiKuE'} 
 body=None 
 </msg>
<msg timestamp="20230227 00:10:56.655" level="INFO">GET Response : url=http://localhost:3001/likes/FrZjliQ21 
 status=200, reason=OK 
 headers={'X-Powered-By': 'Express', 'Access-Control-Allow-Origin': 'http://localhost:3000', 'Vary': 'Origin', 'Access-Control-Allow-Credentials': 'true', 'Content-Type': 'application/json; charset=utf-8', 'Content-Length': '205', 'ETag': 'W/"cd-PZ9MUiIauC0VVogXK+BhOmpkvgA"', 'Date': 'Sun, 26 Feb 2023 18:40:56 GMT', 'Connection': 'keep-alive', 'Keep-Alive': 'timeout=5'} 
 body={"likes":[{"id":"ImTUBqvVUk","uuid":"f758c979-6207-4c96-9a07-faea76d36498","userId":"iIo5YbNZk","transactionId":"FrZjliQ21","createdAt":"2023-02-26T18:40:56.631Z","modifiedAt":"2023-02-26T18:40:56.631Z"}]} 
 </msg>
<msg timestamp="20230227 00:10:56.655" level="INFO">${get_likes} = &lt;Response [200]&gt;</msg>
<status status="PASS" starttime="20230227 00:10:56.648" endtime="20230227 00:10:56.655"/>
</kw>
<kw name="Request Should Be Successful" library="RequestsLibrary">
<doc>Fails if response status code is a client or server error (4xx, 5xx).</doc>
<status status="PASS" starttime="20230227 00:10:56.655" endtime="20230227 00:10:56.656"/>
</kw>
<status status="PASS" starttime="20230227 00:10:56.648" endtime="20230227 00:10:56.656"/>
</kw>
<tag>BT-012: Getting likes from the bank transfer</tag>
<status status="PASS" starttime="20230227 00:10:56.647" endtime="20230227 00:10:56.656"/>
</test>
<test id="s1-s1-t13" name="BT-013: get_notifications" line="58">
<kw name="get_notifications" library="API_resources">
<kw name="GET On Session" library="RequestsLibrary">
<var>${get_notification}</var>
<arg>session2</arg>
<arg>notifications</arg>
<doc>Sends a GET request on a previously created HTTP Session.</doc>
<msg timestamp="20230227 00:10:56.664" level="INFO">GET Request : url=http://localhost:3001/notifications 
 path_url=/notifications 
 headers={'User-Agent': 'python-requests/2.26.0', 'Accept-Encoding': 'gzip, deflate, br', 'Accept': '*/*', 'Connection': 'keep-alive', 'Cookie': 'connect.sid=s%3ANCK4sGv97kNkuLthY0EczgwA3UG--E_z.yrcEuOnrIL7hZFmsTAml%2BikCuRYJdrP5TMJ92ghiKuE'} 
 body=None 
 </msg>
<msg timestamp="20230227 00:10:56.665" level="INFO">GET Response : url=http://localhost:3001/notifications 
 status=200, reason=OK 
 headers={'X-Powered-By': 'Express', 'Access-Control-Allow-Origin': 'http://localhost:3000', 'Vary': 'Origin', 'Access-Control-Allow-Credentials': 'true', 'Content-Type': 'application/json; charset=utf-8', 'Content-Length': '1055', 'ETag': 'W/"41f-fTrl1xdpqzxquYalpUp/v8GgV9U"', 'Date': 'Sun, 26 Feb 2023 18:40:56 GMT', 'Connection': 'keep-alive', 'Keep-Alive': 'timeout=5'} 
 body={"results":[{"userFullName":"Karthee1 S","id":"Ey9PHgk7Um","uuid":"941c9216-4e8d-4f18-989c-0d8376381fba","userId":"iIo5YbNZk","transactionId":"FrZjliQ21","likeId":"ImTUBqvVUk","isRead":false,"createdAt":"2023-02-26T18:40:56.636Z","modifiedAt":"2023-02-26T18:40:56.636Z"},{"userFullName":"Karthee1 S","id":"0a0qtQ8Rha","uuid":"fdeb0538-a0eb-4591-9dab-0a3857cc88d0","userId":"iIo5YbNZk","transactionId":"FrZjliQ21","commentId":"0ED0U48dCs","isRead":false,"createdAt":"2023-02-26T18:40:56.599Z","modifiedAt":"2023-02-26T18:40:56.599Z"},{"userFullName":"Karthee1 S","id":"cVtSVqezMx","uuid":"d4ab7e42-d42e-446f-8c57-d5bb21614a9d","userId":"iIo5YbNZk","transactionId":"Ca9zQm1ct","likeId":"h-i02CW9ky","isRead":false,"createdAt":"2023-02-26T18:35:44.627Z","modifiedAt":"2023-02-26T18:35:44.627Z"},{"userFullName":"Karthee1 S","id":"agQQ6ET9gq","uuid":"e93d3a01-9fa4-468c-86ec-b6c3a49c452f","userId":"iIo5YbNZk","transactionId":"Ca9zQm1ct","commentId":"JuZUZfW93P","isRead":false,"createdAt":"2023-02-26T18:35:44.572Z","modifiedAt":"2023-02-26T18:35:44.572Z"}]} 
 </msg>
<msg timestamp="20230227 00:10:56.665" level="INFO">${get_notification} = &lt;Response [200]&gt;</msg>
<status status="PASS" starttime="20230227 00:10:56.658" endtime="20230227 00:10:56.665"/>
</kw>
<kw name="Request Should Be Successful" library="RequestsLibrary">
<doc>Fails if response status code is a client or server error (4xx, 5xx).</doc>
<status status="PASS" starttime="20230227 00:10:56.665" endtime="20230227 00:10:56.666"/>
</kw>
<kw name="Get Length" library="BuiltIn">
<var>${total_notification}</var>
<arg>${get_notification.json()['results']}</arg>
<doc>Returns and logs the length of the given item as an integer.</doc>
<msg timestamp="20230227 00:10:56.668" level="INFO">Length is 4</msg>
<msg timestamp="20230227 00:10:56.669" level="INFO">${total_notification} = 4</msg>
<status status="PASS" starttime="20230227 00:10:56.666" endtime="20230227 00:10:56.669"/>
</kw>
<kw name="Evaluate" library="BuiltIn">
<arg>${total_notification}&gt;0</arg>
<doc>Evaluates the given expression in Python and returns the result.</doc>
<status status="PASS" starttime="20230227 00:10:56.669" endtime="20230227 00:10:56.669"/>
</kw>
<status status="PASS" starttime="20230227 00:10:56.657" endtime="20230227 00:10:56.670"/>
</kw>
<tag>BT-013: get_notifications</tag>
<status status="PASS" starttime="20230227 00:10:56.657" endtime="20230227 00:10:56.670"/>
</test>
<status status="PASS" starttime="20230227 00:10:54.674" endtime="20230227 00:10:56.671"/>
</suite>
<suite id="s1-s2" name="Api Testdata" source="C:\Users\Karthee\PycharmProjects\Experiments\EMIS_Assesment\Testcases\api_testdata.robot">
<test id="s1-s2-t1" name="TD-001: Get_remote_mock_data_for_users" line="9">
<kw name="login_api" library="API_resources">
<kw name="Create Dictionary" library="BuiltIn">
<var>${body}</var>
<arg>username=${signup_data}[username]</arg>
<arg>password=${signup_data}[password]</arg>
<arg>type=LOGIN</arg>
<doc>Creates and returns a dictionary based on the given ``items``.</doc>
<msg timestamp="20230227 00:10:55.364" level="INFO">${body} = {'username': 'kartheeswari1311@gmail.com', 'password': 'Welcome123#', 'type': 'LOGIN'}</msg>
<status status="PASS" starttime="20230227 00:10:55.363" endtime="20230227 00:10:55.364"/>
</kw>
<kw name="Create Session" library="RequestsLibrary">
<arg>session2</arg>
<arg>${Signin_data}[base_url]</arg>
<arg>verify=true</arg>
<doc>Create Session: create a HTTP session to a server</doc>
<msg timestamp="20230227 00:10:55.366" level="INFO">Creating Session using : alias=session2, url=http://localhost:3001, headers={},                     cookies={}, auth=None, timeout=None, proxies=None, verify=True,                     debug=0 </msg>
<status status="PASS" starttime="20230227 00:10:55.365" endtime="20230227 00:10:55.366"/>
</kw>
<kw name="Create Dictionary" library="BuiltIn">
<var>${header}</var>
<arg>Content-Type=application/json;charset=utf-8</arg>
<doc>Creates and returns a dictionary based on the given ``items``.</doc>
<msg timestamp="20230227 00:10:55.367" level="INFO">${header} = {'Content-Type': 'application/json;charset=utf-8'}</msg>
<status status="PASS" starttime="20230227 00:10:55.367" endtime="20230227 00:10:55.367"/>
</kw>
<kw name="POST On Session" library="RequestsLibrary">
<var>${loginresponse}</var>
<arg>session2</arg>
<arg>login</arg>
<arg>data=${body}</arg>
<doc>Sends a POST request on a previously created HTTP Session.</doc>
<msg timestamp="20230227 00:10:55.934" level="INFO">POST Request : url=http://localhost:3001/login 
 path_url=/login 
 headers={'User-Agent': 'python-requests/2.26.0', 'Accept-Encoding': 'gzip, deflate, br', 'Accept': '*/*', 'Connection': 'keep-alive', 'Content-Length': '71', 'Content-Type': 'application/x-www-form-urlencoded'} 
 body=username=kartheeswari1311%40gmail.com&amp;password=Welcome123%23&amp;type=LOGIN 
 </msg>
<msg timestamp="20230227 00:10:55.934" level="INFO">POST Response : url=http://localhost:3001/login 
 status=200, reason=OK 
 headers={'X-Powered-By': 'Express', 'Access-Control-Allow-Origin': 'http://localhost:3000', 'Vary': 'Origin', 'Access-Control-Allow-Credentials': 'true', 'Content-Type': 'application/json; charset=utf-8', 'Content-Length': '316', 'ETag': 'W/"13c-PqrpBl/85ffjkHcvb3QgZCtfRNM"', 'Set-Cookie': 'connect.sid=s%3AE0XMMYwWkkzYRqb3nwikPiafuqhH5cS0.%2BxONTiW8aaJMjmuZKhZ43rHauRIxYbYoD4q6n9HFNeY; Path=/; HttpOnly', 'Date': 'Sun, 26 Feb 2023 18:40:55 GMT', 'Connection': 'keep-alive', 'Keep-Alive': 'timeout=5'} 
 body={"user":{"id":"iIo5YbNZk","uuid":"85745817-2a66-408c-867f-d9f4a778538a","firstName":"Karthee1","lastName":"S","username":"kartheeswari1311@gmail.com","password":"$2a$10$oI4/Xm9yCY5Dg/8Zqkc4r.bsdVAbiWI.eQ9JLYWNrsTsbpOQKEfmK","balance":0,"createdAt":"2023-02-26T18:35:42.277Z","modifiedAt":"2023-02-26T18:35:42.277Z"}} 
 </msg>
<msg timestamp="20230227 00:10:55.934" level="INFO">${loginresponse} = &lt;Response [200]&gt;</msg>
<status status="PASS" starttime="20230227 00:10:55.368" endtime="20230227 00:10:55.934"/>
</kw>
<kw name="Log To Console" library="BuiltIn">
<arg>${loginresponse}</arg>
<doc>Logs the given message to the console.</doc>
<status status="PASS" starttime="20230227 00:10:55.935" endtime="20230227 00:10:55.935"/>
</kw>
<status status="PASS" starttime="20230227 00:10:55.323" endtime="20230227 00:10:55.936"/>
</kw>
<kw name="get_mockdata" library="API_resources">
<arg>users</arg>
<kw name="GET On Session" library="RequestsLibrary">
<var>${get_response}</var>
<arg>session2</arg>
<arg>testData/${relative_URL}</arg>
<doc>Sends a GET request on a previously created HTTP Session.</doc>
<msg timestamp="20230227 00:10:55.942" level="INFO">GET Request : url=http://localhost:3001/testData/users 
 path_url=/testData/users 
 headers={'User-Agent': 'python-requests/2.26.0', 'Accept-Encoding': 'gzip, deflate, br', 'Accept': '*/*', 'Connection': 'keep-alive', 'Cookie': 'connect.sid=s%3AE0XMMYwWkkzYRqb3nwikPiafuqhH5cS0.%2BxONTiW8aaJMjmuZKhZ43rHauRIxYbYoD4q6n9HFNeY'} 
 body=None 
 </msg>
<msg timestamp="20230227 00:10:55.942" level="INFO">GET Response : url=http://localhost:3001/testData/users 
 status=200, reason=OK 
 headers={'X-Powered-By': 'Express', 'Access-Control-Allow-Origin': 'http://localhost:3000', 'Vary': 'Origin', 'Access-Control-Allow-Credentials': 'true', 'Content-Type': 'application/json; charset=utf-8', 'Content-Length': '3289', 'ETag': 'W/"cd9-ywsxWuljIVUs57F9yhuT7JV5pxw"', 'Date': 'Sun, 26 Feb 2023 18:40:55 GMT', 'Connection': 'keep-alive', 'Keep-Alive': 'timeout=5'} 
 body={"results":[{"id":"t45AiwidW","uuid":"6383f84e-b511-44c5-a835-3ece1d781fa8","firstName":"Edgar","lastName":"Johns","username":"Katharina_Bernier","password":"$2a$10$5PXHGtcsckWtAprT5/JmluhR13f16BL8SIGhvAKNP.Dhxkt69FfzW","email":"Norene39@yahoo.com","phoneNumber":"625-316-9882","avatar":"https://cypress-realworld-app-svgs.s3.amazonaws.com/t45AiwidW.svg","defaultPrivacyLevel":"public","balance":368137,"createdAt":"2019-08-27T23:47:05.637Z","modifiedAt":"2020-05-21T11:02:22.857Z"},{"id":"qywYp6hS0U","uuid":"f96efce8-1909-4df4-b5cd-59883cd19c37","firstName":"Arely","lastName":"Kertzmann","username":"Tavares_Barrows","password":"$2a$10$5PXHGtcsckWtAprT5/JmluhR13f16BL8SIGhvAKNP.Dhxkt69FfzW","email":"Aniya_Powlowski36@hotmail.com","phoneNumber":"537-041-4355","avatar":"https://cypress-realworld-app-svgs.s3.amazonaws.com/qywYp6hS0U.svg","defaultPrivacyLevel":"private","balance":101805,"createdAt":"2019-09-09T13:48:45.489Z","modifiedAt":"2020-05-21T02:34:01.483Z"},{"id":"bDjUb4ir5O","uuid":"b4ebe114-141c-4397-9346-dd37d788f71b","firstName":"Kaylin","lastName":"Homenick","username":"Allie2","password":"$2a$10$5PXHGtcsckWtAprT5/JmluhR13f16BL8SIGhvAKNP.Dhxkt69FfzW","email":"Rebeca35@yahoo.com","phoneNumber":"072-208-4283","avatar":"https://cypress-realworld-app-svgs.s3.amazonaws.com/bDjUb4ir5O.svg","defaultPrivacyLevel":"private","balance":164867,"createdAt":"2019-09-15T04:44:05.536Z","modifiedAt":"2020-05-21T18:25:10.341Z"},{"id":"24VniajY1y","uuid":"0b00a187-6cf6-4d34-8f59-b8a8eabdddf6","firstName":"Ibrahim","lastName":"Dickens","username":"Giovanna74","password":"$2a$10$5PXHGtcsckWtAprT5/JmluhR13f16BL8SIGhvAKNP.Dhxkt69FfzW","email":"Pearl56@gmail.com","phoneNumber":"974-916-8746","avatar":"https://cypress-realworld-app-svgs.s3.amazonaws.com/24VniajY1y.svg","defaultPrivacyLevel":"private","balance":145779,"createdAt":"2020-03-06T02:15:42.584Z","modifiedAt":"2020-05-21T09:25:42.974Z"},{"id":"tsHF6_D5oQ","uuid":"53315353-7ca6-4cd1-8fd6-af9fb5a9dd25","firstName":"Devon","lastName":"Becker","username":"Jessyca.Kuhic","password":"$2a$10$5PXHGtcsckWtAprT5/JmluhR13f16BL8SIGhvAKNP.Dhxkt69FfzW","email":"Jordy37@yahoo.com","phoneNumber":"277-189-3402","avatar":"https://cypress-realworld-app-svgs.s3.amazonaws.com/tsHF6_D5oQ.svg","defaultPrivacyLevel":"contacts","balance":75369,"createdAt":"2020-02-11T21:26:46.510Z","modifiedAt":"2020-05-21T15:15:33.944Z"},{"id":"iIo5YbNZk","uuid":"85745817-2a66-408c-867f-d9f4a778538a","firstName":"Karthee1","lastName":"S","username":"kartheeswari1311@gmail.com","password":"$2a$10$oI4/Xm9yCY5Dg/8Zqkc4r.bsdVAbiWI.eQ9JLYWNrsTsbpOQKEfmK","balance":0,"createdAt":"2023-02-26T18:35:42.277Z","modifiedAt":"2023-02-26T18:35:42.277Z"},{"id":"hiz3BtOQ_F","uuid":"74790bae-20c4-404d-8a35-79d43da8eefa","firstName":"Karthee1","lastName":"Johns","username":"Karthee1","password":"$2a$10$JdsMg2yKnrBAudUEHG6X2.hYeWI.yAO7w48EE5ZbXkE7PIfbsFAJi","balance":0,"createdAt":"2023-02-26T18:36:14.985Z","modifiedAt":"2023-02-26T18:36:14.985Z"},{"id":"K5k5zQA2X","uuid":"509836c8-b3ee-41cc-9caf-cf7202d24a15","firstName":"Karthee1","lastName":"S","username":"kartheeswari1311@gmail.com","password":"$2a$10$69fyNMZdIOY5YoYHstARuuH.uOCAPrSVhG5lylTASXMw/B1qPTo4W","balance":0,"createdAt":"2023-02-26T18:40:55.521Z","modifiedAt":"2023-02-26T18:40:55.521Z"}]} 
 </msg>
<msg timestamp="20230227 00:10:55.943" level="INFO">${get_response} = &lt;Response [200]&gt;</msg>
<status status="PASS" starttime="20230227 00:10:55.936" endtime="20230227 00:10:55.943"/>
</kw>
<kw name="Request Should Be Successful" library="RequestsLibrary">
<doc>Fails if response status code is a client or server error (4xx, 5xx).</doc>
<status status="PASS" starttime="20230227 00:10:55.943" endtime="20230227 00:10:55.944"/>
</kw>
<kw name="Get Length" library="BuiltIn">
<var>${total_data}</var>
<arg>${get_response.json()['results']}</arg>
<doc>Returns and logs the length of the given item as an integer.</doc>
<msg timestamp="20230227 00:10:55.945" level="INFO">Length is 8</msg>
<msg timestamp="20230227 00:10:55.946" level="INFO">${total_data} = 8</msg>
<status status="PASS" starttime="20230227 00:10:55.944" endtime="20230227 00:10:55.946"/>
</kw>
<kw name="Evaluate" library="BuiltIn">
<arg>${total_data}&gt;0</arg>
<doc>Evaluates the given expression in Python and returns the result.</doc>
<status status="PASS" starttime="20230227 00:10:55.946" endtime="20230227 00:10:55.947"/>
</kw>
<status status="PASS" starttime="20230227 00:10:55.936" endtime="20230227 00:10:55.947"/>
</kw>
<tag>TD-001: Gets remote mock data for users</tag>
<status status="PASS" starttime="20230227 00:10:55.321" endtime="20230227 00:10:55.947"/>
</test>
<test id="s1-s2-t2" name="TD-002: Get_remote_mock_data_for_contacts" line="14">
<kw name="get_mockdata" library="API_resources">
<arg>contacts</arg>
<kw name="GET On Session" library="RequestsLibrary">
<var>${get_response}</var>
<arg>session2</arg>
<arg>testData/${relative_URL}</arg>
<doc>Sends a GET request on a previously created HTTP Session.</doc>
<msg timestamp="20230227 00:10:55.963" level="INFO">GET Request : url=http://localhost:3001/testData/contacts 
 path_url=/testData/contacts 
 headers={'User-Agent': 'python-requests/2.26.0', 'Accept-Encoding': 'gzip, deflate, br', 'Accept': '*/*', 'Connection': 'keep-alive', 'Cookie': 'connect.sid=s%3AE0XMMYwWkkzYRqb3nwikPiafuqhH5cS0.%2BxONTiW8aaJMjmuZKhZ43rHauRIxYbYoD4q6n9HFNeY'} 
 body=None 
 </msg>
<msg timestamp="20230227 00:10:55.963" level="INFO">GET Response : url=http://localhost:3001/testData/contacts 
 status=200, reason=OK 
 headers={'X-Powered-By': 'Express', 'Access-Control-Allow-Origin': 'http://localhost:3000', 'Vary': 'Origin', 'Access-Control-Allow-Credentials': 'true', 'Content-Type': 'application/json; charset=utf-8', 'Content-Length': '2950', 'ETag': 'W/"b86-NuUlQvJueOusfTR26EHVslW0ktQ"', 'Date': 'Sun, 26 Feb 2023 18:40:55 GMT', 'Connection': 'keep-alive', 'Keep-Alive': 'timeout=5'} 
 body={"results":[{"id":"LSQ1h-WU1z","uuid":"2413a170-304d-4118-93ba-6b52a9cc581a","userId":"t45AiwidW","contactUserId":"qywYp6hS0U","createdAt":"2019-10-30T16:33:36.608Z","modifiedAt":"2020-05-21T11:29:12.141Z"},{"id":"c4A_5NFD3z","uuid":"9ab08f66-a458-487c-9bde-1c0bc3db6c7b","userId":"t45AiwidW","contactUserId":"bDjUb4ir5O","createdAt":"2019-09-02T00:35:52.232Z","modifiedAt":"2020-05-21T04:38:43.738Z"},{"id":"jfpbMLVuhP","uuid":"ade2e5bb-317c-4bca-ae4a-45379f762a43","userId":"t45AiwidW","contactUserId":"tsHF6_D5oQ","createdAt":"2019-06-21T15:29:01.813Z","modifiedAt":"2020-05-21T14:21:26.726Z"},{"id":"65XIkDUOFJ","uuid":"0ff083fa-cbc7-47f4-840d-228e143774b8","userId":"qywYp6hS0U","contactUserId":"t45AiwidW","createdAt":"2020-01-03T03:40:23.930Z","modifiedAt":"2020-05-21T08:01:05.435Z"},{"id":"TtRSp6V3BY","uuid":"6468bfa9-9418-433f-b47e-60952f7abe71","userId":"qywYp6hS0U","contactUserId":"bDjUb4ir5O","createdAt":"2019-08-15T21:13:22.365Z","modifiedAt":"2020-05-21T22:25:35.728Z"},{"id":"_wjLQ5uguG","uuid":"914f60d3-522d-4b52-9d14-df9c5a3afa5b","userId":"qywYp6hS0U","contactUserId":"tsHF6_D5oQ","createdAt":"2019-07-20T18:05:45.827Z","modifiedAt":"2020-05-21T13:03:04.064Z"},{"id":"GVz40SV7Bh","uuid":"c930864a-5058-46b6-948f-6b43c4e3dbba","userId":"bDjUb4ir5O","contactUserId":"qywYp6hS0U","createdAt":"2019-07-14T22:51:07.533Z","modifiedAt":"2020-05-21T13:49:02.645Z"},{"id":"pDgYTkzJEl","uuid":"dbaba3ab-38f4-4230-8950-90bc047e52d0","userId":"bDjUb4ir5O","contactUserId":"24VniajY1y","createdAt":"2019-12-05T08:41:12.453Z","modifiedAt":"2020-05-21T09:36:08.666Z"},{"id":"fkXV49MUJ3","uuid":"95c9def5-c5e3-4a49-bd4d-d46b2b421cd9","userId":"bDjUb4ir5O","contactUserId":"t45AiwidW","createdAt":"2019-12-21T02:41:00.415Z","modifiedAt":"2020-05-21T14:53:35.672Z"},{"id":"YXW-3EoK-d","uuid":"efe76fd1-7ffa-403e-a099-0783bd8da7b5","userId":"24VniajY1y","contactUserId":"bDjUb4ir5O","createdAt":"2020-02-13T01:43:34.842Z","modifiedAt":"2020-05-21T14:58:27.816Z"},{"id":"XfdO0VhzP4","uuid":"431cd24f-8fb9-45bc-9915-cca49bf9c4ad","userId":"24VniajY1y","contactUserId":"t45AiwidW","createdAt":"2019-08-03T23:47:58.710Z","modifiedAt":"2020-05-21T10:17:28.547Z"},{"id":"Znxm-DA9d9a","uuid":"658a4dc6-25df-45b1-ada5-49d6337e8992","userId":"24VniajY1y","contactUserId":"qywYp6hS0U","createdAt":"2019-12-06T16:43:06.250Z","modifiedAt":"2020-05-21T09:50:35.745Z"},{"id":"M-lgy3WSyZR","uuid":"53791b9d-2763-4064-952e-6511ac9fef6c","userId":"tsHF6_D5oQ","contactUserId":"t45AiwidW","createdAt":"2019-07-01T12:03:37.529Z","modifiedAt":"2020-05-21T00:35:43.529Z"},{"id":"vhGNcE5VSUJ","uuid":"2354d4db-c7cf-4aee-bb5b-c7bf75d59435","userId":"tsHF6_D5oQ","contactUserId":"24VniajY1y","createdAt":"2019-09-12T01:46:14.956Z","modifiedAt":"2020-05-21T06:41:55.535Z"},{"id":"ovpvxb8Y4j0","uuid":"47b09cd4-6c21-4415-b957-0cdb256698f0","userId":"tsHF6_D5oQ","contactUserId":"qywYp6hS0U","createdAt":"2019-12-02T23:21:11.557Z","modifiedAt":"2020-05-21T08:05:34.593Z"}]} 
 </msg>
<msg timestamp="20230227 00:10:55.963" level="INFO">${get_response} = &lt;Response [200]&gt;</msg>
<status status="PASS" starttime="20230227 00:10:55.951" endtime="20230227 00:10:55.963"/>
</kw>
<kw name="Request Should Be Successful" library="RequestsLibrary">
<doc>Fails if response status code is a client or server error (4xx, 5xx).</doc>
<status status="PASS" starttime="20230227 00:10:55.964" endtime="20230227 00:10:55.964"/>
</kw>
<kw name="Get Length" library="BuiltIn">
<var>${total_data}</var>
<arg>${get_response.json()['results']}</arg>
<doc>Returns and logs the length of the given item as an integer.</doc>
<msg timestamp="20230227 00:10:55.966" level="INFO">Length is 15</msg>
<msg timestamp="20230227 00:10:55.966" level="INFO">${total_data} = 15</msg>
<status status="PASS" starttime="20230227 00:10:55.965" endtime="20230227 00:10:55.966"/>
</kw>
<kw name="Evaluate" library="BuiltIn">
<arg>${total_data}&gt;0</arg>
<doc>Evaluates the given expression in Python and returns the result.</doc>
<status status="PASS" starttime="20230227 00:10:55.967" endtime="20230227 00:10:55.967"/>
</kw>
<status status="PASS" starttime="20230227 00:10:55.950" endtime="20230227 00:10:55.969"/>
</kw>
<tag>TD-002: Gets remote mock data for contacts</tag>
<status status="PASS" starttime="20230227 00:10:55.949" endtime="20230227 00:10:55.969"/>
</test>
<test id="s1-s2-t3" name="TC-003: Get_remote_mock_data_for_bankaccounts" line="18">
<kw name="get_mockdata" library="API_resources">
<arg>bankaccounts</arg>
<kw name="GET On Session" library="RequestsLibrary">
<var>${get_response}</var>
<arg>session2</arg>
<arg>testData/${relative_URL}</arg>
<doc>Sends a GET request on a previously created HTTP Session.</doc>
<msg timestamp="20230227 00:10:55.977" level="INFO">GET Request : url=http://localhost:3001/testData/bankaccounts 
 path_url=/testData/bankaccounts 
 headers={'User-Agent': 'python-requests/2.26.0', 'Accept-Encoding': 'gzip, deflate, br', 'Accept': '*/*', 'Connection': 'keep-alive', 'Cookie': 'connect.sid=s%3AE0XMMYwWkkzYRqb3nwikPiafuqhH5cS0.%2BxONTiW8aaJMjmuZKhZ43rHauRIxYbYoD4q6n9HFNeY'} 
 body=None 
 </msg>
<msg timestamp="20230227 00:10:55.977" level="INFO">GET Response : url=http://localhost:3001/testData/bankaccounts 
 status=200, reason=OK 
 headers={'X-Powered-By': 'Express', 'Access-Control-Allow-Origin': 'http://localhost:3000', 'Vary': 'Origin', 'Access-Control-Allow-Credentials': 'true', 'Content-Type': 'application/json; charset=utf-8', 'Content-Length': '2248', 'ETag': 'W/"8c8-1k1ILUalDGSqm4oquSjWGM1GwGo"', 'Date': 'Sun, 26 Feb 2023 18:40:55 GMT', 'Connection': 'keep-alive', 'Keep-Alive': 'timeout=5'} 
[...]
<arg>${url}</arg>
<arg>headlesschrome</arg>
<doc>Opens a new browser instance to the optional ``url``.</doc>
<msg timestamp="20230227 00:11:25.386" level="INFO">Opening browser 'headlesschrome' to base url 'http://localhost:3000/signin'.</msg>
<status status="PASS" starttime="20230227 00:11:25.386" endtime="20230227 00:11:29.860"/>
</kw>
<kw name="Set Selenium Implicit Wait" library="Selenium2Library">
<arg>15s</arg>
<doc>Sets the implicit wait value used by Selenium.</doc>
<status status="PASS" starttime="20230227 00:11:29.861" endtime="20230227 00:11:29.863"/>
</kw>
<kw name="Set Window Size" library="Selenium2Library">
<arg>1920</arg>
<arg>1080</arg>
<doc>Sets current windows size to given ``width`` and ``height``.</doc>
<status status="PASS" starttime="20230227 00:11:29.864" endtime="20230227 00:11:29.974"/>
</kw>
<status status="PASS" starttime="20230227 00:11:25.385" endtime="20230227 00:11:29.974"/>
</kw>
<kw name="Signin_UI_Validation" library="Signup_Signin_kw">
<kw name="Sleep" library="BuiltIn">
<arg>5s</arg>
<doc>Pauses the test executed for the given time.</doc>
<msg timestamp="20230227 00:11:34.989" level="INFO">Slept 5 seconds</msg>
<status status="PASS" starttime="20230227 00:11:29.975" endtime="20230227 00:11:34.989"/>
</kw>
<kw name="Wait Until Page Contains Element" library="Selenium2Library">
<arg>${signin}[signin_title]</arg>
<arg>timeout=60s</arg>
<doc>Waits until the element ``locator`` appears on the current page.</doc>
<status status="PASS" starttime="20230227 00:11:34.989" endtime="20230227 00:11:35.002"/>
</kw>
<kw name="Title Should Be" library="Selenium2Library">
<arg>Cypress Real World App</arg>
<doc>Verifies that the current page title equals ``title``.</doc>
<msg timestamp="20230227 00:11:35.006" level="INFO">Page title is 'Cypress Real World App'.</msg>
<status status="PASS" starttime="20230227 00:11:35.002" endtime="20230227 00:11:35.006"/>
</kw>
<kw name="Page Should Contain Element" library="Selenium2Library">
<arg>${signin}[signin_title]</arg>
<doc>Verifies that element ``locator`` is found on the current page.</doc>
<msg timestamp="20230227 00:11:35.013" level="INFO">Current page contains element '//h1[text()="Sign in"]'.</msg>
<status status="PASS" starttime="20230227 00:11:35.007" endtime="20230227 00:11:35.013"/>
</kw>
<kw name="Page Should Contain Element" library="Selenium2Library">
<arg>${Signup}[uname]</arg>
<doc>Verifies that element ``locator`` is found on the current page.</doc>
<msg timestamp="20230227 00:11:35.023" level="INFO">Current page contains element '//input[@id="username"]'.</msg>
<status status="PASS" starttime="20230227 00:11:35.013" endtime="20230227 00:11:35.024"/>
</kw>
<kw name="Page Should Contain Element" library="Selenium2Library">
<arg>${Signup}[pwd]</arg>
<doc>Verifies that element ``locator`` is found on the current page.</doc>
<msg timestamp="20230227 00:11:35.036" level="INFO">Current page contains element '//input[@id="password"]'.</msg>
<status status="PASS" starttime="20230227 00:11:35.024" endtime="20230227 00:11:35.036"/>
</kw>
<kw name="Page Should Contain Element" library="Selenium2Library">
<arg>//*[@data-test="signin-remember-me"]/following::span[text()="Remember me"]</arg>
<doc>Verifies that element ``locator`` is found on the current page.</doc>
<msg timestamp="20230227 00:11:35.046" level="INFO">Current page contains element '//*[@data-test="signin-remember-me"]/following::span[text()="Remember me"]'.</msg>
<status status="PASS" starttime="20230227 00:11:35.036" endtime="20230227 00:11:35.046"/>
</kw>
<kw name="Page Should Contain Element" library="Selenium2Library">
<arg>${Signup}[signin_btn]</arg>
<doc>Verifies that element ``locator`` is found on the current page.</doc>
<msg timestamp="20230227 00:11:35.056" level="INFO">Current page contains element '//*[@data-test="signup"]'.</msg>
<status status="PASS" starttime="20230227 00:11:35.046" endtime="20230227 00:11:35.056"/>
</kw>
<kw name="Page Should Contain Element" library="Selenium2Library">
<arg>${signin}[signup_txt]</arg>
<doc>Verifies that element ``locator`` is found on the current page.</doc>
<msg timestamp="20230227 00:11:35.066" level="INFO">Current page contains element '//*[text()="Don't have an account? Sign Up"]'.</msg>
<status status="PASS" starttime="20230227 00:11:35.056" endtime="20230227 00:11:35.066"/>
</kw>
<kw name="Page Should Contain Element" library="Selenium2Library">
<arg>${signin}[cypress_logo]</arg>
<doc>Verifies that element ``locator`` is found on the current page.</doc>
<msg timestamp="20230227 00:11:35.075" level="INFO">Current page contains element '//*[@href="https://cypress.io"]'.</msg>
<status status="PASS" starttime="20230227 00:11:35.066" endtime="20230227 00:11:35.075"/>
</kw>
<status status="PASS" starttime="20230227 00:11:29.974" endtime="20230227 00:11:35.076"/>
</kw>
<tag>Signin-001:Validating page text and elements in signin page</tag>
<status status="PASS" starttime="20230227 00:11:25.384" endtime="20230227 00:11:35.076"/>
</test>
<test id="s1-s7-t4" name="Signin-002:SigninPage Fieldlevel Validation" line="30">
<kw name="w/o_un_pwd" library="Signup_Signin_kw">
<kw name="Click Element" library="Selenium2Library">
<arg>${signin}[signin_btn]</arg>
<doc>Click the element identified by ``locator``.</doc>
<msg timestamp="20230227 00:11:35.077" level="INFO">Clicking element '//*[@data-test="signin-submit"]'.</msg>
<status status="PASS" starttime="20230227 00:11:35.077" endtime="20230227 00:11:35.132"/>
</kw>
<kw name="Page Should Contain Element" library="Selenium2Library">
<arg>//*[@data-test="signin-username"]//p[text()="Username is required"]</arg>
<doc>Verifies that element ``locator`` is found on the current page.</doc>
<msg timestamp="20230227 00:11:35.142" level="INFO">Current page contains element '//*[@data-test="signin-username"]//p[text()="Username is required"]'.</msg>
<status status="PASS" starttime="20230227 00:11:35.132" endtime="20230227 00:11:35.142"/>
</kw>
<status status="PASS" starttime="20230227 00:11:35.077" endtime="20230227 00:11:35.142"/>
</kw>
<tag>Signin-002:SigninPage Fieldlevel validation</tag>
<status status="PASS" starttime="20230227 00:11:35.076" endtime="20230227 00:11:35.142"/>
</test>
<test id="s1-s7-t5" name="Signin-003:SigninPage Credential Validation" line="34">
<kw name="Signin" library="Signup_Signin_kw">
<arg>${Signin_data}[invalid_un]</arg>
<arg>${Signin_data}[invalid_pwd]</arg>
<kw name="Input Text" library="Selenium2Library">
<arg>//*[@id="username"]</arg>
<arg>${uname}</arg>
<doc>Types the given ``text`` into the text field identified by ``locator``.</doc>
<msg timestamp="20230227 00:11:35.145" level="INFO">Typing text 'iuyfx' into text field '//*[@id="username"]'.</msg>
<status status="PASS" starttime="20230227 00:11:35.144" endtime="20230227 00:11:35.261"/>
</kw>
<kw name="Input Password" library="Selenium2Library">
<arg>//*[@id="password"]</arg>
<arg>${pwd}</arg>
<doc>Types the given password into the text field identified by ``locator``.</doc>
<msg timestamp="20230227 00:11:35.262" level="INFO">Typing password into text field '//*[@id="password"]'.</msg>
<msg timestamp="20230227 00:11:35.301" level="INFO">Temporally setting log level to: NONE</msg>
<msg timestamp="20230227 00:11:35.393" level="INFO">Log level changed from NONE to INFO.</msg>
<status status="PASS" starttime="20230227 00:11:35.261" endtime="20230227 00:11:35.394"/>
</kw>
<kw name="Click Element" library="Selenium2Library">
<arg>//*[@data-test="signin-submit"]</arg>
<doc>Click the element identified by ``locator``.</doc>
<msg timestamp="20230227 00:11:35.395" level="INFO">Clicking element '//*[@data-test="signin-submit"]'.</msg>
<status status="PASS" starttime="20230227 00:11:35.394" endtime="20230227 00:11:35.446"/>
</kw>
<status status="PASS" starttime="20230227 00:11:35.144" endtime="20230227 00:11:35.446"/>
</kw>
<kw name="Sleep" library="BuiltIn">
<arg>5s</arg>
<doc>Pauses the test executed for the given time.</doc>
<msg timestamp="20230227 00:11:40.455" level="INFO">Slept 5 seconds</msg>
<status status="PASS" starttime="20230227 00:11:35.446" endtime="20230227 00:11:40.455"/>
</kw>
<kw name="Page Should Contain" library="Selenium2Library">
<arg>Username or password is invalid</arg>
<doc>Verifies that current page contains ``text``.</doc>
<msg timestamp="20230227 00:11:40.474" level="INFO">Current page contains text 'Username or password is invalid'.</msg>
<status status="PASS" starttime="20230227 00:11:40.456" endtime="20230227 00:11:40.474"/>
</kw>
<kw name="Signin" library="Signup_Signin_kw">
<arg>${Signin_data}[valid_un]</arg>
<arg>${Signin_data}[invalid_pwd]</arg>
<kw name="Input Text" library="Selenium2Library">
<arg>//*[@id="username"]</arg>
<arg>${uname}</arg>
<doc>Types the given ``text`` into the text field identified by ``locator``.</doc>
<msg timestamp="20230227 00:11:40.475" level="INFO">Typing text 'kartheeswari1311@gmail.com' into text field '//*[@id="username"]'.</msg>
<status status="PASS" starttime="20230227 00:11:40.475" endtime="20230227 00:11:40.660"/>
</kw>
<kw name="Input Password" library="Selenium2Library">
<arg>//*[@id="password"]</arg>
<arg>${pwd}</arg>
<doc>Types the given password into the text field identified by ``locator``.</doc>
<msg timestamp="20230227 00:11:40.661" level="INFO">Typing password into text field '//*[@id="password"]'.</msg>
<msg timestamp="20230227 00:11:40.699" level="INFO">Temporally setting log level to: NONE</msg>
<msg timestamp="20230227 00:11:40.776" level="INFO">Log level changed from NONE to INFO.</msg>
<status status="PASS" starttime="20230227 00:11:40.661" endtime="20230227 00:11:40.776"/>
</kw>
<kw name="Click Element" library="Selenium2Library">
<arg>//*[@data-test="signin-submit"]</arg>
<doc>Click the element identified by ``locator``.</doc>
<msg timestamp="20230227 00:11:40.777" level="INFO">Clicking element '//*[@data-test="signin-submit"]'.</msg>
<status status="PASS" starttime="20230227 00:11:40.776" endtime="20230227 00:11:40.823"/>
</kw>
<status status="PASS" starttime="20230227 00:11:40.474" endtime="20230227 00:11:40.823"/>
</kw>
<kw name="Sleep" library="BuiltIn">
<arg>5s</arg>
<doc>Pauses the test executed for the given time.</doc>
<msg timestamp="20230227 00:11:45.828" level="INFO">Slept 5 seconds</msg>
<status status="PASS" starttime="20230227 00:11:40.824" endtime="20230227 00:11:45.828"/>
</kw>
<kw name="Page Should Contain" library="Selenium2Library">
<arg>Username or password is invalid</arg>
<doc>Verifies that current page contains ``text``.</doc>
<msg timestamp="20230227 00:11:45.849" level="INFO">Current page contains text 'Username or password is invalid'.</msg>
<status status="PASS" starttime="20230227 00:11:45.828" endtime="20230227 00:11:45.849"/>
</kw>
<tag>Signin-003:Invalid Credentials validation</tag>
<status status="PASS" starttime="20230227 00:11:35.143" endtime="20230227 00:11:45.849"/>
</test>
<test id="s1-s7-t6" name="Signin-004:SigninPage Validation" line="43">
<kw name="Signin" library="Signup_Signin_kw">
<arg>${signup_data}[firstName]</arg>
<arg>${signup_data}[password]</arg>
<kw name="Input Text" library="Selenium2Library">
<arg>//*[@id="username"]</arg>
<arg>${uname}</arg>
<doc>Types the given ``text`` into the text field identified by ``locator``.</doc>
<msg timestamp="20230227 00:11:45.850" level="INFO">Typing text 'Karthee1' into text field '//*[@id="username"]'.</msg>
<status status="PASS" starttime="20230227 00:11:45.850" endtime="20230227 00:11:45.945"/>
</kw>
<kw name="Input Password" library="Selenium2Library">
<arg>//*[@id="password"]</arg>
<arg>${pwd}</arg>
<doc>Types the given password into the text field identified by ``locator``.</doc>
<msg timestamp="20230227 00:11:45.946" level="INFO">Typing password into text field '//*[@id="password"]'.</msg>
<msg timestamp="20230227 00:11:45.975" level="INFO">Temporally setting log level to: NONE</msg>
<msg timestamp="20230227 00:11:46.085" level="INFO">Log level changed from NONE to INFO.</msg>
<status status="PASS" starttime="20230227 00:11:45.945" endtime="20230227 00:11:46.086"/>
</kw>
<kw name="Click Element" library="Selenium2Library">
<arg>//*[@data-test="signin-submit"]</arg>
<doc>Click the element identified by ``locator``.</doc>
<msg timestamp="20230227 00:11:46.086" level="INFO">Clicking element '//*[@data-test="signin-submit"]'.</msg>
<status status="PASS" starttime="20230227 00:11:46.086" endtime="20230227 00:11:46.132"/>
</kw>
<status status="PASS" starttime="20230227 00:11:45.850" endtime="20230227 00:11:46.132"/>
</kw>
<kw name="verify_signin" library="Signup_Signin_kw">
<kw name="Page Should Contain Element" library="Selenium2Library">
<arg>//*[@role="dialog"]</arg>
<doc>Verifies that element ``locator`` is found on the current page.</doc>
<msg timestamp="20230227 00:11:46.422" level="INFO">Current page contains element '//*[@role="dialog"]'.</msg>
<status status="PASS" starttime="20230227 00:11:46.134" endtime="20230227 00:11:46.422"/>
</kw>
<kw name="Page Should Contain" library="Selenium2Library">
<arg>Get Started with Real World App</arg>
<doc>Verifies that current page contains ``text``.</doc>
<msg timestamp="20230227 00:11:46.440" level="INFO">Current page contains text 'Get Started with Real World App'.</msg>
<status status="PASS" starttime="20230227 00:11:46.422" endtime="20230227 00:11:46.441"/>
</kw>
<kw name="Page Should Contain" library="Selenium2Library">
<arg>Real World App requires a Bank Account to perform transactions.</arg>
<doc>Verifies that current page contains ``text``.</doc>
<msg timestamp="20230227 00:11:46.455" level="INFO">Current page contains text 'Real World App requires a Bank Account to perform transactions.'.</msg>
<status status="PASS" starttime="20230227 00:11:46.441" endtime="20230227 00:11:46.455"/>
</kw>
<kw name="Click Element" library="Selenium2Library">
<arg>//*[@data-test="user-onboarding-next"]</arg>
<doc>Click the element identified by ``locator``.</doc>
<msg timestamp="20230227 00:11:46.455" level="INFO">Clicking element '//*[@data-test="user-onboarding-next"]'.</msg>
<status status="PASS" starttime="20230227 00:11:46.455" endtime="20230227 00:11:46.541"/>
</kw>
<status status="PASS" starttime="20230227 00:11:46.133" endtime="20230227 00:11:46.541"/>
</kw>
<kw name="Close Browser" library="Selenium2Library">
<doc>Closes the current browser.</doc>
<status status="PASS" starttime="20230227 00:11:46.541" endtime="20230227 00:11:48.599"/>
</kw>
<tag>Signin-004:Valid Credentials validation</tag>
<status status="PASS" starttime="20230227 00:11:45.849" endtime="20230227 00:11:48.600"/>
</test>
<status status="PASS" starttime="20230227 00:10:54.683" endtime="20230227 00:11:48.603"/>
</suite>
<doc>[https://pabot.org/?ref=log|Pabot] result from 7 executions.</doc>
<status status="PASS" starttime="20230227 00:10:54.630" endtime="20230227 00:11:48.608"/>
</suite>
<statistics>
<total>
<stat pass="52" fail="0" skip="0">All Tests</stat>
</total>
<tag>
<stat pass="1" fail="0" skip="0">AU-001: Gets a list of users</stat>
<stat pass="1" fail="0" skip="0">AU-002: Error on invalid user</stat>
<stat pass="1" fail="0" skip="0">AU-003: Get a user details</stat>
<stat pass="1" fail="0" skip="0">AU-004: Get user profile by username</stat>
<stat pass="1" fail="0" skip="0">AU-005: Get user profile by email</stat>
<stat pass="1" fail="0" skip="0">AU-006: Get user profile by phone_num</stat>
<stat pass="1" fail="0" skip="0">AU-007: Get users profile by username</stat>
<stat pass="1" fail="0" skip="0">BA-001:Bank_account_fieldValidation_bankname</stat>
<stat pass="1" fail="0" skip="0">BA-001:Transaction_fieldValidation_bankname</stat>
<stat pass="1" fail="0" skip="0">BA-002:Bank_account_fieldValidation_RoutingNumber</stat>
<stat pass="1" fail="0" skip="0">BA-002:Create_new_payment_transaction</stat>
<stat pass="1" fail="0" skip="0">BA-003:Bank_account_fieldValidation_AccountNumber</stat>
<stat pass="1" fail="0" skip="0">BA-003:Create_new_payment_request</stat>
<stat pass="1" fail="0" skip="0">BA-004:Bank_account_fieldValidation_bankname</stat>
<stat pass="1" fail="0" skip="0">BA-004:Create_new_Bank_account</stat>
<stat pass="1" fail="0" skip="0">BA-005:Delete_bank_account</stat>
<stat pass="1" fail="0" skip="0">BA-005:Verify_the_paid_transaction</stat>
<stat pass="1" fail="0" skip="0">BA-006:Verify_the_Requested_transaction</stat>
<stat pass="1" fail="0" skip="0">BA-007:Search_contacts_by_attributes</stat>
<stat pass="1" fail="0" skip="0">BT-001: Create new user</stat>
<stat pass="1" fail="0" skip="0">BT-002: Create_Bank_account</stat>
<stat pass="1" fail="0" skip="0">BT-003: Get_Bank_account_details</stat>
<stat pass="1" fail="0" skip="0">BT-004: Delete_Bank_account</stat>
<stat pass="1" fail="0" skip="0">BT-005: Create_Bank_account_graphql</stat>
<stat pass="1" fail="0" skip="0">BT-006: Get_Bank_account_graphql</stat>
<stat pass="1" fail="0" skip="0">BT-007: Create a new bank transfer</stat>
<stat pass="1" fail="0" skip="0">BT-008: Gets a list of bank transfers for user</stat>
<stat pass="1" fail="0" skip="0">BT-009: Posting comments to the bank transfer</stat>
<stat pass="1" fail="0" skip="0">BT-010: Getting comments from the bank transfer</stat>
<stat pass="1" fail="0" skip="0">BT-011: Posting likes to the bank transfer</stat>
<stat pass="1" fail="0" skip="0">BT-012: Getting likes from the bank transfer</stat>
<stat pass="1" fail="0" skip="0">BT-013: get_notifications</stat>
<stat pass="1" fail="0" skip="0">Signin-001:Validating page text and elements in signin page</stat>
<stat pass="1" fail="0" skip="0">Signin-002:SigninPage Fieldlevel validation</stat>
<stat pass="1" fail="0" skip="0">Signin-003:Invalid Credentials validation</stat>
<stat pass="1" fail="0" skip="0">Signin-004:Valid Credentials validation</stat>
<stat pass="1" fail="0" skip="0">Signup-001:SignupValidation</stat>
<stat pass="1" fail="0" skip="0">Signup-002:CreateValidNewUSer</stat>
<stat pass="1" fail="0" skip="0">TD-001: Gets remote mock data for users</stat>
<stat pass="1" fail="0" skip="0">TD-002: Gets remote mock data for contacts</stat>
<stat pass="1" fail="0" skip="0">TD-003: Gets remote mock data for bankaccounts</stat>
<stat pass="1" fail="0" skip="0">TD-004: Gets remote mock data for notifications</stat>
<stat pass="1" fail="0" skip="0">TD-005: Gets remote mock data for transactions</stat>
<stat pass="1" fail="0" skip="0">TD-006: Gets remote mock data for likes</stat>
<stat pass="1" fail="0" skip="0">TD-007: Gets remote mock data for comments</stat>
<stat pass="1" fail="0" skip="0">TD-008: Gets remote mock data for banktransfers</stat>
<stat pass="1" fail="0" skip="0">TR-001: Gets a list of transactions for user</stat>
<stat pass="1" fail="0" skip="0">TR-002: Gets a list of pending request transactions for user</stat>
<stat pass="1" fail="0" skip="0">TR-003: Gets a list of pending request transactions for user between a time range</stat>
<stat pass="1" fail="0" skip="0">TR-004: Gets a list of transactions for users list of contacts, page one</stat>
<stat pass="1" fail="0" skip="0">TR-005: Gets a list of transactions for users list of contacts, page two</stat>
<stat pass="1" fail="0" skip="0">TR-006: Gets a list of public transactions</stat>
</tag>
<suite>
<stat pass="52" fail="0" skip="0" id="s1" name="Suites">Suites</stat>
<stat pass="13" fail="0" skip="0" id="s1-s1" name="Api Banktransfers">Suites.Api Banktransfers</stat>
<stat pass="8" fail="0" skip="0" id="s1-s2" name="Api Testdata">Suites.Api Testdata</stat>
<stat pass="6" fail="0" skip="0" id="s1-s3" name="Api Transactions">Suites.Api Transactions</stat>
<stat pass="7" fail="0" skip="0" id="s1-s4" name="Api Users">Suites.Api Users</stat>
<stat pass="5" fail="0" skip="0" id="s1-s5" name="BankAccounts">Suites.BankAccounts</stat>
<stat pass="7" fail="0" skip="0" id="s1-s6" name="NewTransaction">Suites.NewTransaction</stat>
<stat pass="6" fail="0" skip="0" id="s1-s7" name="Signup Signin">Suites.Signup Signin</stat>
</suite>
</statistics>
<errors>
</errors>
</robot>
